2013-12-10 10:06:43,705 [main] INFO  org.apache.coyote.http11.Http11Protocol- Initializing ProtocolHandler ["http-bio-8080"]
2013-12-10 10:06:43,727 [main] INFO  org.apache.coyote.http11.Http11Protocol- Initializing ProtocolHandler ["http-bio-8443"]
2013-12-10 10:06:43,889 [main] INFO  org.apache.catalina.startup.Catalina- Initialization processed in 595 ms
2013-12-10 10:06:43,902 [main] INFO  org.apache.catalina.core.StandardService- Starting service Catalina
2013-12-10 10:06:43,902 [main] INFO  org.apache.catalina.core.StandardEngine- Starting Servlet Engine: Apache Tomcat/7.0.21
2013-12-10 10:06:43,907 [main] INFO  org.apache.catalina.startup.HostConfig- Deploying web application archive cas.war
2013-12-10 10:06:44,307 [main] INFO  org.apache.catalina.realm.JAASRealm- Set JAAS app name Catalina
2013-12-10 10:06:45,688 [main] INFO  org.apache.catalina.startup.HostConfig- Deploying web application archive owf.war
2013-12-10 10:06:58,309 [main] INFO  org.apache.coyote.http11.Http11Protocol- Starting ProtocolHandler ["http-bio-8080"]
2013-12-10 10:06:58,314 [main] INFO  org.apache.coyote.http11.Http11Protocol- Starting ProtocolHandler ["http-bio-8443"]
2013-12-10 10:06:58,315 [main] INFO  org.apache.catalina.startup.Catalina- Server startup in 14425 ms
2013-12-10 10:08:09,057 [http-bio-8443-exec-5] INFO  org.apache.jasper.compiler.TldLocationsCache- At least one JAR was scanned for TLDs yet contained no TLDs. Enable debug logging for this logger for a complete list of JARs that were scanned but no TLDs were found in them. Skipping unneeded JARs during scanning can improve startup time and JSP compilation time.
2013-12-10 12:21:59,059 [Thread-17] INFO  org.apache.coyote.http11.Http11Protocol- Pausing ProtocolHandler ["http-bio-8080"]
2013-12-10 12:22:00,062 [Thread-17] INFO  org.apache.coyote.http11.Http11Protocol- Pausing ProtocolHandler ["http-bio-8443"]
2013-12-10 12:22:01,063 [Thread-17] INFO  org.apache.catalina.core.StandardService- Stopping service Catalina
2013-12-10 12:22:01,260 [Thread-17] ERROR org.apache.catalina.loader.WebappClassLoader- The web application [/owf] registered the JDBC driver [org.hsqldb.jdbcDriver] but failed to unregister it when the web application was stopped. To prevent a memory leak, the JDBC Driver has been forcibly unregistered.
2013-12-10 12:22:01,263 [Thread-17] ERROR org.apache.catalina.loader.WebappClassLoader- The web application [/owf] appears to have started a thread named [FileWatchdog] but has failed to stop it. This is very likely to create a memory leak.
2013-12-10 12:22:01,263 [Thread-17] ERROR org.apache.catalina.loader.WebappClassLoader- The web application [/owf] appears to have started a thread named [Timer-1] but has failed to stop it. This is very likely to create a memory leak.
2013-12-10 12:22:01,265 [Thread-17] ERROR org.apache.catalina.loader.WebappClassLoader- The web application [/owf] created a ThreadLocal with key of type [org.codehaus.groovy.reflection.ClassInfo.ThreadLocalMapHandler] (value [org.codehaus.groovy.reflection.ClassInfo$ThreadLocalMapHandler@13d380dc]) and a value of type [java.lang.ref.SoftReference] (value [java.lang.ref.SoftReference@22b0f5af]) but failed to remove it when the web application was stopped. Threads are going to be renewed over time to try and avoid a probable memory leak. 
2013-12-10 12:22:01,266 [Thread-17] ERROR org.apache.catalina.loader.WebappClassLoader- The web application [/owf] created a ThreadLocal with key of type [org.codehaus.groovy.grails.orm.hibernate.validation.HibernateDomainClassValidator$1] (value [org.codehaus.groovy.grails.orm.hibernate.validation.HibernateDomainClassValidator$1@27615572]) and a value of type [java.util.ArrayList] (value [[]]) but failed to remove it when the web application was stopped. Threads are going to be renewed over time to try and avoid a probable memory leak. 
2013-12-10 12:22:01,266 [Thread-17] ERROR org.apache.catalina.loader.WebappClassLoader- The web application [/owf] created a ThreadLocal with key of type [org.codehaus.groovy.grails.commons.spring.ReloadAwareAutowireCapableBeanFactory$2] (value [org.codehaus.groovy.grails.commons.spring.ReloadAwareAutowireCapableBeanFactory$2@6730c390]) and a value of type [java.lang.Boolean] (value [false]) but failed to remove it when the web application was stopped. Threads are going to be renewed over time to try and avoid a probable memory leak. 
2013-12-10 12:22:01,266 [Thread-17] ERROR org.apache.catalina.loader.WebappClassLoader- The web application [/owf] created a ThreadLocal with key of type [org.codehaus.groovy.reflection.ClassInfo.ThreadLocalMapHandler] (value [org.codehaus.groovy.reflection.ClassInfo$ThreadLocalMapHandler@13d380dc]) and a value of type [java.lang.ref.SoftReference] (value [java.lang.ref.SoftReference@327757dd]) but failed to remove it when the web application was stopped. Threads are going to be renewed over time to try and avoid a probable memory leak. 
2013-12-10 12:22:01,266 [Thread-17] ERROR org.apache.catalina.loader.WebappClassLoader- The web application [/owf] created a ThreadLocal with key of type [org.codehaus.groovy.grails.commons.spring.ReloadAwareAutowireCapableBeanFactory$2] (value [org.codehaus.groovy.grails.commons.spring.ReloadAwareAutowireCapableBeanFactory$2@6730c390]) and a value of type [java.lang.Boolean] (value [false]) but failed to remove it when the web application was stopped. Threads are going to be renewed over time to try and avoid a probable memory leak. 
2013-12-10 12:22:01,266 [Thread-17] ERROR org.apache.catalina.loader.WebappClassLoader- The web application [/owf] created a ThreadLocal with key of type [org.codehaus.groovy.reflection.ClassInfo.ThreadLocalMapHandler] (value [org.codehaus.groovy.reflection.ClassInfo$ThreadLocalMapHandler@13d380dc]) and a value of type [java.lang.ref.SoftReference] (value [java.lang.ref.SoftReference@3929880d]) but failed to remove it when the web application was stopped. Threads are going to be renewed over time to try and avoid a probable memory leak. 
2013-12-10 12:22:01,266 [Thread-17] ERROR org.apache.catalina.loader.WebappClassLoader- The web application [/owf] created a ThreadLocal with key of type [org.codehaus.groovy.grails.orm.hibernate.validation.HibernateDomainClassValidator$1] (value [org.codehaus.groovy.grails.orm.hibernate.validation.HibernateDomainClassValidator$1@27615572]) and a value of type [java.util.ArrayList] (value [[]]) but failed to remove it when the web application was stopped. Threads are going to be renewed over time to try and avoid a probable memory leak. 
2013-12-10 12:22:01,266 [Thread-17] ERROR org.apache.catalina.loader.WebappClassLoader- The web application [/owf] created a ThreadLocal with key of type [org.codehaus.groovy.grails.orm.hibernate.support.HibernatePersistenceContextInterceptor$2] (value [org.codehaus.groovy.grails.orm.hibernate.support.HibernatePersistenceContextInterceptor$2@55a32acc]) and a value of type [java.lang.Integer] (value [0]) but failed to remove it when the web application was stopped. Threads are going to be renewed over time to try and avoid a probable memory leak. 
2013-12-10 12:22:01,266 [Thread-17] ERROR org.apache.catalina.loader.WebappClassLoader- The web application [/owf] created a ThreadLocal with key of type [org.codehaus.groovy.reflection.ClassInfo.ThreadLocalMapHandler] (value [org.codehaus.groovy.reflection.ClassInfo$ThreadLocalMapHandler@13d380dc]) and a value of type [java.lang.ref.SoftReference] (value [java.lang.ref.SoftReference@4b4ee300]) but failed to remove it when the web application was stopped. Threads are going to be renewed over time to try and avoid a probable memory leak. 
2013-12-10 12:22:01,267 [Thread-17] ERROR org.apache.catalina.loader.WebappClassLoader- The web application [/owf] created a ThreadLocal with key of type [org.codehaus.groovy.grails.orm.hibernate.support.HibernatePersistenceContextInterceptor$1] (value [org.codehaus.groovy.grails.orm.hibernate.support.HibernatePersistenceContextInterceptor$1@28193ba0]) and a value of type [java.lang.Boolean] (value [false]) but failed to remove it when the web application was stopped. Threads are going to be renewed over time to try and avoid a probable memory leak. 
2013-12-10 12:22:01,267 [Thread-17] ERROR org.apache.catalina.loader.WebappClassLoader- The web application [/owf] created a ThreadLocal with key of type [org.codehaus.groovy.grails.commons.spring.ReloadAwareAutowireCapableBeanFactory$2] (value [org.codehaus.groovy.grails.commons.spring.ReloadAwareAutowireCapableBeanFactory$2@6730c390]) and a value of type [java.lang.Boolean] (value [false]) but failed to remove it when the web application was stopped. Threads are going to be renewed over time to try and avoid a probable memory leak. 
2013-12-10 12:22:01,267 [Thread-17] ERROR org.apache.catalina.loader.WebappClassLoader- The web application [/owf] created a ThreadLocal with key of type [org.codehaus.groovy.reflection.ClassInfo.ThreadLocalMapHandler] (value [org.codehaus.groovy.reflection.ClassInfo$ThreadLocalMapHandler@13d380dc]) and a value of type [java.lang.ref.SoftReference] (value [java.lang.ref.SoftReference@109999f1]) but failed to remove it when the web application was stopped. Threads are going to be renewed over time to try and avoid a probable memory leak. 
2013-12-10 12:22:01,267 [Thread-17] ERROR org.apache.catalina.loader.WebappClassLoader- The web application [/owf] created a ThreadLocal with key of type [org.codehaus.groovy.grails.orm.hibernate.support.HibernatePersistenceContextInterceptor$2] (value [org.codehaus.groovy.grails.orm.hibernate.support.HibernatePersistenceContextInterceptor$2@55a32acc]) and a value of type [java.lang.Integer] (value [0]) but failed to remove it when the web application was stopped. Threads are going to be renewed over time to try and avoid a probable memory leak. 
2013-12-10 12:22:01,267 [Thread-17] ERROR org.apache.catalina.loader.WebappClassLoader- The web application [/owf] created a ThreadLocal with key of type [org.codehaus.groovy.grails.commons.spring.ReloadAwareAutowireCapableBeanFactory$2] (value [org.codehaus.groovy.grails.commons.spring.ReloadAwareAutowireCapableBeanFactory$2@6730c390]) and a value of type [java.lang.Boolean] (value [false]) but failed to remove it when the web application was stopped. Threads are going to be renewed over time to try and avoid a probable memory leak. 
2013-12-10 12:22:01,267 [Thread-17] ERROR org.apache.catalina.loader.WebappClassLoader- The web application [/owf] created a ThreadLocal with key of type [org.codehaus.groovy.reflection.ClassInfo.ThreadLocalMapHandler] (value [org.codehaus.groovy.reflection.ClassInfo$ThreadLocalMapHandler@13d380dc]) and a value of type [java.lang.ref.SoftReference] (value [java.lang.ref.SoftReference@5449a5ba]) but failed to remove it when the web application was stopped. Threads are going to be renewed over time to try and avoid a probable memory leak. 
2013-12-10 12:22:01,267 [Thread-17] ERROR org.apache.catalina.loader.WebappClassLoader- The web application [/owf] created a ThreadLocal with key of type [org.codehaus.groovy.grails.orm.hibernate.support.HibernatePersistenceContextInterceptor$1] (value [org.codehaus.groovy.grails.orm.hibernate.support.HibernatePersistenceContextInterceptor$1@28193ba0]) and a value of type [java.lang.Boolean] (value [false]) but failed to remove it when the web application was stopped. Threads are going to be renewed over time to try and avoid a probable memory leak. 
2013-12-10 12:22:01,267 [Thread-17] ERROR org.apache.catalina.loader.WebappClassLoader- The web application [/owf] created a ThreadLocal with key of type [org.codehaus.groovy.grails.orm.hibernate.support.HibernatePersistenceContextInterceptor$1] (value [org.codehaus.groovy.grails.orm.hibernate.support.HibernatePersistenceContextInterceptor$1@28193ba0]) and a value of type [java.lang.Boolean] (value [false]) but failed to remove it when the web application was stopped. Threads are going to be renewed over time to try and avoid a probable memory leak. 
2013-12-10 12:22:01,267 [Thread-17] ERROR org.apache.catalina.loader.WebappClassLoader- The web application [/owf] created a ThreadLocal with key of type [org.codehaus.groovy.grails.orm.hibernate.support.HibernatePersistenceContextInterceptor$2] (value [org.codehaus.groovy.grails.orm.hibernate.support.HibernatePersistenceContextInterceptor$2@55a32acc]) and a value of type [java.lang.Integer] (value [0]) but failed to remove it when the web application was stopped. Threads are going to be renewed over time to try and avoid a probable memory leak. 
2013-12-10 12:22:01,268 [Thread-17] ERROR org.apache.catalina.loader.WebappClassLoader- The web application [/owf] created a ThreadLocal with key of type [org.codehaus.groovy.reflection.ClassInfo.ThreadLocalMapHandler] (value [org.codehaus.groovy.reflection.ClassInfo$ThreadLocalMapHandler@13d380dc]) and a value of type [java.lang.ref.SoftReference] (value [java.lang.ref.SoftReference@2f1f8191]) but failed to remove it when the web application was stopped. Threads are going to be renewed over time to try and avoid a probable memory leak. 
2013-12-10 12:22:01,268 [Thread-17] ERROR org.apache.catalina.loader.WebappClassLoader- The web application [/owf] created a ThreadLocal with key of type [org.codehaus.groovy.grails.orm.hibernate.validation.HibernateDomainClassValidator$1] (value [org.codehaus.groovy.grails.orm.hibernate.validation.HibernateDomainClassValidator$1@27615572]) and a value of type [java.util.ArrayList] (value [[]]) but failed to remove it when the web application was stopped. Threads are going to be renewed over time to try and avoid a probable memory leak. 
2013-12-10 12:22:01,268 [Thread-17] ERROR org.apache.catalina.loader.WebappClassLoader- The web application [/owf] created a ThreadLocal with key of type [org.codehaus.groovy.grails.orm.hibernate.support.HibernatePersistenceContextInterceptor$2] (value [org.codehaus.groovy.grails.orm.hibernate.support.HibernatePersistenceContextInterceptor$2@55a32acc]) and a value of type [java.lang.Integer] (value [0]) but failed to remove it when the web application was stopped. Threads are going to be renewed over time to try and avoid a probable memory leak. 
2013-12-10 12:22:01,268 [Thread-17] ERROR org.apache.catalina.loader.WebappClassLoader- The web application [/owf] created a ThreadLocal with key of type [org.codehaus.groovy.reflection.ClassInfo.ThreadLocalMapHandler] (value [org.codehaus.groovy.reflection.ClassInfo$ThreadLocalMapHandler@13d380dc]) and a value of type [java.lang.ref.SoftReference] (value [java.lang.ref.SoftReference@656ca212]) but failed to remove it when the web application was stopped. Threads are going to be renewed over time to try and avoid a probable memory leak. 
2013-12-10 12:22:01,268 [Thread-17] ERROR org.apache.catalina.loader.WebappClassLoader- The web application [/owf] created a ThreadLocal with key of type [org.codehaus.groovy.grails.orm.hibernate.support.HibernatePersistenceContextInterceptor$1] (value [org.codehaus.groovy.grails.orm.hibernate.support.HibernatePersistenceContextInterceptor$1@28193ba0]) and a value of type [java.lang.Boolean] (value [false]) but failed to remove it when the web application was stopped. Threads are going to be renewed over time to try and avoid a probable memory leak. 
2013-12-10 12:22:01,268 [Thread-17] ERROR org.apache.catalina.loader.WebappClassLoader- The web application [/owf] created a ThreadLocal with key of type [org.codehaus.groovy.grails.commons.spring.ReloadAwareAutowireCapableBeanFactory$2] (value [org.codehaus.groovy.grails.commons.spring.ReloadAwareAutowireCapableBeanFactory$2@6730c390]) and a value of type [java.lang.Boolean] (value [false]) but failed to remove it when the web application was stopped. Threads are going to be renewed over time to try and avoid a probable memory leak. 
2013-12-10 12:22:01,268 [Thread-17] ERROR org.apache.catalina.loader.WebappClassLoader- The web application [/owf] created a ThreadLocal with key of type [org.codehaus.groovy.reflection.ClassInfo.ThreadLocalMapHandler] (value [org.codehaus.groovy.reflection.ClassInfo$ThreadLocalMapHandler@13d380dc]) and a value of type [java.lang.ref.SoftReference] (value [java.lang.ref.SoftReference@3f047fc3]) but failed to remove it when the web application was stopped. Threads are going to be renewed over time to try and avoid a probable memory leak. 
2013-12-10 12:22:01,268 [Thread-17] ERROR org.apache.catalina.loader.WebappClassLoader- The web application [/owf] created a ThreadLocal with key of type [org.apache.commons.lang.builder.ToStringStyle$1] (value [org.apache.commons.lang.builder.ToStringStyle$1@405ffb87]) and a value of type [java.util.HashSet] (value [[]]) but failed to remove it when the web application was stopped. Threads are going to be renewed over time to try and avoid a probable memory leak. 
2013-12-10 12:22:01,268 [Thread-17] ERROR org.apache.catalina.loader.WebappClassLoader- The web application [/owf] created a ThreadLocal with key of type [org.codehaus.groovy.grails.commons.spring.ReloadAwareAutowireCapableBeanFactory$2] (value [org.codehaus.groovy.grails.commons.spring.ReloadAwareAutowireCapableBeanFactory$2@6730c390]) and a value of type [java.lang.Boolean] (value [false]) but failed to remove it when the web application was stopped. Threads are going to be renewed over time to try and avoid a probable memory leak. 
2013-12-10 12:22:01,269 [Thread-17] ERROR org.apache.catalina.loader.WebappClassLoader- The web application [/owf] created a ThreadLocal with key of type [org.codehaus.groovy.reflection.ClassInfo.ThreadLocalMapHandler] (value [org.codehaus.groovy.reflection.ClassInfo$ThreadLocalMapHandler@13d380dc]) and a value of type [java.lang.ref.SoftReference] (value [java.lang.ref.SoftReference@5d7a7d15]) but failed to remove it when the web application was stopped. Threads are going to be renewed over time to try and avoid a probable memory leak. 
2013-12-10 12:22:01,270 [Thread-17] INFO  org.apache.coyote.http11.Http11Protocol- Stopping ProtocolHandler ["http-bio-8080"]
2013-12-10 12:22:01,271 [Thread-17] INFO  org.apache.coyote.http11.Http11Protocol- Stopping ProtocolHandler ["http-bio-8443"]
2013-12-10 12:22:01,277 [Thread-17] INFO  org.apache.coyote.http11.Http11Protocol- Destroying ProtocolHandler ["http-bio-8080"]
2013-12-10 12:22:01,277 [Thread-17] INFO  org.apache.coyote.http11.Http11Protocol- Destroying ProtocolHandler ["http-bio-8443"]
2013-12-10 13:30:58,415 [main] INFO  org.apache.coyote.http11.Http11Protocol- Initializing ProtocolHandler ["http-bio-8080"]
2013-12-10 13:30:58,431 [main] INFO  org.apache.coyote.http11.Http11Protocol- Initializing ProtocolHandler ["http-bio-8443"]
2013-12-10 13:30:58,577 [main] INFO  org.apache.catalina.startup.Catalina- Initialization processed in 569 ms
2013-12-10 13:30:58,590 [main] INFO  org.apache.catalina.core.StandardService- Starting service Catalina
2013-12-10 13:30:58,590 [main] INFO  org.apache.catalina.core.StandardEngine- Starting Servlet Engine: Apache Tomcat/7.0.21
2013-12-10 13:30:58,595 [main] INFO  org.apache.catalina.startup.HostConfig- Deploying web application archive cas.war
2013-12-10 13:30:58,868 [main] INFO  org.apache.catalina.realm.JAASRealm- Set JAAS app name Catalina
2013-12-10 13:31:00,341 [main] INFO  org.apache.catalina.startup.HostConfig- Deploying web application archive owf.war
2013-12-10 13:31:09,344 [main] INFO  org.apache.coyote.http11.Http11Protocol- Starting ProtocolHandler ["http-bio-8080"]
2013-12-10 13:31:09,350 [main] INFO  org.apache.coyote.http11.Http11Protocol- Starting ProtocolHandler ["http-bio-8443"]
2013-12-10 13:31:09,350 [main] INFO  org.apache.catalina.startup.Catalina- Server startup in 10772 ms
2013-12-10 13:31:15,916 [main] INFO  org.apache.coyote.http11.Http11Protocol- Initializing ProtocolHandler ["http-bio-8080"]
2013-12-10 13:31:15,931 [main] ERROR org.apache.coyote.http11.Http11Protocol- Failed to initialize end point associated with ProtocolHandler ["http-bio-8080"]
java.net.BindException: Address already in use <null>:8080
	at org.apache.tomcat.util.net.JIoEndpoint.bind(JIoEndpoint.java:384)
	at org.apache.tomcat.util.net.AbstractEndpoint.init(AbstractEndpoint.java:492)
	at org.apache.coyote.AbstractProtocol.init(AbstractProtocol.java:369)
	at org.apache.coyote.http11.AbstractHttp11JsseProtocol.init(AbstractHttp11JsseProtocol.java:119)
	at org.apache.catalina.connector.Connector.initInternal(Connector.java:909)
	at org.apache.catalina.util.LifecycleBase.init(LifecycleBase.java:102)
	at org.apache.catalina.core.StandardService.initInternal(StandardService.java:559)
	at org.apache.catalina.util.LifecycleBase.init(LifecycleBase.java:102)
	at org.apache.catalina.core.StandardServer.initInternal(StandardServer.java:781)
	at org.apache.catalina.util.LifecycleBase.init(LifecycleBase.java:102)
	at org.apache.catalina.startup.Catalina.load(Catalina.java:573)
	at org.apache.catalina.startup.Catalina.start(Catalina.java:609)
	at sun.reflect.NativeMethodAccessorImpl.invoke0(Native Method)
	at sun.reflect.NativeMethodAccessorImpl.invoke(NativeMethodAccessorImpl.java:39)
	at sun.reflect.DelegatingMethodAccessorImpl.invoke(DelegatingMethodAccessorImpl.java:25)
	at java.lang.reflect.Method.invoke(Method.java:597)
	at org.apache.catalina.startup.Bootstrap.start(Bootstrap.java:322)
	at org.apache.catalina.startup.Bootstrap.main(Bootstrap.java:450)
Caused by: java.net.BindException: Address already in use
	at java.net.PlainSocketImpl.socketBind(Native Method)
	at java.net.PlainSocketImpl.socketBind(PlainSocketImpl.java:521)
	at java.net.PlainSocketImpl.bind(PlainSocketImpl.java:414)
	at java.net.ServerSocket.bind(ServerSocket.java:326)
	at java.net.ServerSocket.<init>(ServerSocket.java:192)
	at java.net.ServerSocket.<init>(ServerSocket.java:148)
	at org.apache.tomcat.util.net.DefaultServerSocketFactory.createSocket(DefaultServerSocketFactory.java:48)
	at org.apache.tomcat.util.net.JIoEndpoint.bind(JIoEndpoint.java:371)
	... 17 more
2013-12-10 13:31:15,933 [main] ERROR org.apache.catalina.core.StandardService- Failed to initialize connector [Connector[HTTP/1.1-8080]]
org.apache.catalina.LifecycleException: Failed to initialize component [Connector[HTTP/1.1-8080]]
	at org.apache.catalina.util.LifecycleBase.init(LifecycleBase.java:106)
	at org.apache.catalina.core.StandardService.initInternal(StandardService.java:559)
	at org.apache.catalina.util.LifecycleBase.init(LifecycleBase.java:102)
	at org.apache.catalina.core.StandardServer.initInternal(StandardServer.java:781)
	at org.apache.catalina.util.LifecycleBase.init(LifecycleBase.java:102)
	at org.apache.catalina.startup.Catalina.load(Catalina.java:573)
	at org.apache.catalina.startup.Catalina.start(Catalina.java:609)
	at sun.reflect.NativeMethodAccessorImpl.invoke0(Native Method)
	at sun.reflect.NativeMethodAccessorImpl.invoke(NativeMethodAccessorImpl.java:39)
	at sun.reflect.DelegatingMethodAccessorImpl.invoke(DelegatingMethodAccessorImpl.java:25)
	at java.lang.reflect.Method.invoke(Method.java:597)
	at org.apache.catalina.startup.Bootstrap.start(Bootstrap.java:322)
	at org.apache.catalina.startup.Bootstrap.main(Bootstrap.java:450)
Caused by: org.apache.catalina.LifecycleException: Protocol handler initialization failed
	at org.apache.catalina.connector.Connector.initInternal(Connector.java:911)
	at org.apache.catalina.util.LifecycleBase.init(LifecycleBase.java:102)
	... 12 more
Caused by: java.net.BindException: Address already in use <null>:8080
	at org.apache.tomcat.util.net.JIoEndpoint.bind(JIoEndpoint.java:384)
	at org.apache.tomcat.util.net.AbstractEndpoint.init(AbstractEndpoint.java:492)
	at org.apache.coyote.AbstractProtocol.init(AbstractProtocol.java:369)
	at org.apache.coyote.http11.AbstractHttp11JsseProtocol.init(AbstractHttp11JsseProtocol.java:119)
	at org.apache.catalina.connector.Connector.initInternal(Connector.java:909)
	... 13 more
Caused by: java.net.BindException: Address already in use
	at java.net.PlainSocketImpl.socketBind(Native Method)
	at java.net.PlainSocketImpl.socketBind(PlainSocketImpl.java:521)
	at java.net.PlainSocketImpl.bind(PlainSocketImpl.java:414)
	at java.net.ServerSocket.bind(ServerSocket.java:326)
	at java.net.ServerSocket.<init>(ServerSocket.java:192)
	at java.net.ServerSocket.<init>(ServerSocket.java:148)
	at org.apache.tomcat.util.net.DefaultServerSocketFactory.createSocket(DefaultServerSocketFactory.java:48)
	at org.apache.tomcat.util.net.JIoEndpoint.bind(JIoEndpoint.java:371)
	... 17 more
2013-12-10 13:31:15,934 [main] INFO  org.apache.coyote.http11.Http11Protocol- Initializing ProtocolHandler ["http-bio-8443"]
2013-12-10 13:31:16,075 [main] ERROR org.apache.coyote.http11.Http11Protocol- Failed to initialize end point associated with ProtocolHandler ["http-bio-8443"]
java.net.BindException: Address already in use <null>:8443
	at org.apache.tomcat.util.net.JIoEndpoint.bind(JIoEndpoint.java:384)
	at org.apache.tomcat.util.net.AbstractEndpoint.init(AbstractEndpoint.java:492)
	at org.apache.coyote.AbstractProtocol.init(AbstractProtocol.java:369)
	at org.apache.coyote.http11.AbstractHttp11JsseProtocol.init(AbstractHttp11JsseProtocol.java:119)
	at org.apache.catalina.connector.Connector.initInternal(Connector.java:909)
	at org.apache.catalina.util.LifecycleBase.init(LifecycleBase.java:102)
	at org.apache.catalina.core.StandardService.initInternal(StandardService.java:559)
	at org.apache.catalina.util.LifecycleBase.init(LifecycleBase.java:102)
	at org.apache.catalina.core.StandardServer.initInternal(StandardServer.java:781)
	at org.apache.catalina.util.LifecycleBase.init(LifecycleBase.java:102)
	at org.apache.catalina.startup.Catalina.load(Catalina.java:573)
	at org.apache.catalina.startup.Catalina.start(Catalina.java:609)
	at sun.reflect.NativeMethodAccessorImpl.invoke0(Native Method)
	at sun.reflect.NativeMethodAccessorImpl.invoke(NativeMethodAccessorImpl.java:39)
	at sun.reflect.DelegatingMethodAccessorImpl.invoke(DelegatingMethodAccessorImpl.java:25)
	at java.lang.reflect.Method.invoke(Method.java:597)
	at org.apache.catalina.startup.Bootstrap.start(Bootstrap.java:322)
	at org.apache.catalina.startup.Bootstrap.main(Bootstrap.java:450)
Caused by: java.net.BindException: Address already in use
	at java.net.PlainSocketImpl.socketBind(Native Method)
	at java.net.PlainSocketImpl.socketBind(PlainSocketImpl.java:521)
	at java.net.PlainSocketImpl.bind(PlainSocketImpl.java:414)
	at java.net.ServerSocket.bind(ServerSocket.java:326)
	at java.net.ServerSocket.<init>(ServerSocket.java:192)
	at java.net.ServerSocket.<init>(ServerSocket.java:148)
	at javax.net.ssl.SSLServerSocket.<init>(SSLServerSocket.java:84)
	at com.sun.net.ssl.internal.ssl.SSLServerSocketImpl.<init>(SSLServerSocketImpl.java:81)
	at com.sun.net.ssl.internal.ssl.SSLServerSocketFactoryImpl.createServerSocket(SSLServerSocketFactoryImpl.java:65)
	at org.apache.tomcat.util.net.jsse.JSSESocketFactory.createSocket(JSSESocketFactory.java:159)
	at org.apache.tomcat.util.net.JIoEndpoint.bind(JIoEndpoint.java:371)
	... 17 more
2013-12-10 13:31:16,076 [main] ERROR org.apache.catalina.core.StandardService- Failed to initialize connector [Connector[HTTP/1.1-8443]]
org.apache.catalina.LifecycleException: Failed to initialize component [Connector[HTTP/1.1-8443]]
	at org.apache.catalina.util.LifecycleBase.init(LifecycleBase.java:106)
	at org.apache.catalina.core.StandardService.initInternal(StandardService.java:559)
	at org.apache.catalina.util.LifecycleBase.init(LifecycleBase.java:102)
	at org.apache.catalina.core.StandardServer.initInternal(StandardServer.java:781)
	at org.apache.catalina.util.LifecycleBase.init(LifecycleBase.java:102)
	at org.apache.catalina.startup.Catalina.load(Catalina.java:573)
	at org.apache.catalina.startup.Catalina.start(Catalina.java:609)
	at sun.reflect.NativeMethodAccessorImpl.invoke0(Native Method)
	at sun.reflect.NativeMethodAccessorImpl.invoke(NativeMethodAccessorImpl.java:39)
	at sun.reflect.DelegatingMethodAccessorImpl.invoke(DelegatingMethodAccessorImpl.java:25)
	at java.lang.reflect.Method.invoke(Method.java:597)
	at org.apache.catalina.startup.Bootstrap.start(Bootstrap.java:322)
	at org.apache.catalina.startup.Bootstrap.main(Bootstrap.java:450)
Caused by: org.apache.catalina.LifecycleException: Protocol handler initialization failed
	at org.apache.catalina.connector.Connector.initInternal(Connector.java:911)
	at org.apache.catalina.util.LifecycleBase.init(LifecycleBase.java:102)
	... 12 more
Caused by: java.net.BindException: Address already in use <null>:8443
	at org.apache.tomcat.util.net.JIoEndpoint.bind(JIoEndpoint.java:384)
	at org.apache.tomcat.util.net.AbstractEndpoint.init(AbstractEndpoint.java:492)
	at org.apache.coyote.AbstractProtocol.init(AbstractProtocol.java:369)
	at org.apache.coyote.http11.AbstractHttp11JsseProtocol.init(AbstractHttp11JsseProtocol.java:119)
	at org.apache.catalina.connector.Connector.initInternal(Connector.java:909)
	... 13 more
Caused by: java.net.BindException: Address already in use
	at java.net.PlainSocketImpl.socketBind(Native Method)
	at java.net.PlainSocketImpl.socketBind(PlainSocketImpl.java:521)
	at java.net.PlainSocketImpl.bind(PlainSocketImpl.java:414)
	at java.net.ServerSocket.bind(ServerSocket.java:326)
	at java.net.ServerSocket.<init>(ServerSocket.java:192)
	at java.net.ServerSocket.<init>(ServerSocket.java:148)
	at javax.net.ssl.SSLServerSocket.<init>(SSLServerSocket.java:84)
	at com.sun.net.ssl.internal.ssl.SSLServerSocketImpl.<init>(SSLServerSocketImpl.java:81)
	at com.sun.net.ssl.internal.ssl.SSLServerSocketFactoryImpl.createServerSocket(SSLServerSocketFactoryImpl.java:65)
	at org.apache.tomcat.util.net.jsse.JSSESocketFactory.createSocket(JSSESocketFactory.java:159)
	at org.apache.tomcat.util.net.JIoEndpoint.bind(JIoEndpoint.java:371)
	... 17 more
2013-12-10 13:31:16,077 [main] INFO  org.apache.catalina.startup.Catalina- Initialization processed in 507 ms
2013-12-10 13:31:16,087 [main] INFO  org.apache.catalina.core.StandardService- Starting service Catalina
2013-12-10 13:31:16,087 [main] INFO  org.apache.catalina.core.StandardEngine- Starting Servlet Engine: Apache Tomcat/7.0.21
2013-12-10 13:31:16,090 [main] INFO  org.apache.catalina.startup.HostConfig- Deploying web application archive cas.war
2013-12-10 13:31:16,297 [main] INFO  org.apache.catalina.realm.JAASRealm- Set JAAS app name Catalina
2013-12-10 13:31:17,582 [main] INFO  org.apache.catalina.startup.HostConfig- Deploying web application archive owf.war
2013-12-10 13:31:26,058 [main] INFO  org.apache.catalina.startup.Catalina- Server startup in 9981 ms
2013-12-10 13:31:26,059 [main] ERROR org.apache.catalina.core.StandardServer- StandardServer.await: create[localhost:8005]: 
java.net.BindException: Address already in use
	at java.net.PlainSocketImpl.socketBind(Native Method)
	at java.net.PlainSocketImpl.socketBind(PlainSocketImpl.java:521)
	at java.net.PlainSocketImpl.bind(PlainSocketImpl.java:414)
	at java.net.ServerSocket.bind(ServerSocket.java:326)
	at java.net.ServerSocket.<init>(ServerSocket.java:192)
	at org.apache.catalina.core.StandardServer.await(StandardServer.java:422)
	at org.apache.catalina.startup.Catalina.await(Catalina.java:709)
	at org.apache.catalina.startup.Catalina.start(Catalina.java:654)
	at sun.reflect.NativeMethodAccessorImpl.invoke0(Native Method)
	at sun.reflect.NativeMethodAccessorImpl.invoke(NativeMethodAccessorImpl.java:39)
	at sun.reflect.DelegatingMethodAccessorImpl.invoke(DelegatingMethodAccessorImpl.java:25)
	at java.lang.reflect.Method.invoke(Method.java:597)
	at org.apache.catalina.startup.Bootstrap.start(Bootstrap.java:322)
	at org.apache.catalina.startup.Bootstrap.main(Bootstrap.java:450)
2013-12-10 13:31:26,060 [main] INFO  org.apache.coyote.http11.Http11Protocol- Pausing ProtocolHandler ["http-bio-8080"]
2013-12-10 13:31:26,060 [main] INFO  org.apache.coyote.http11.Http11Protocol- Pausing ProtocolHandler ["http-bio-8443"]
2013-12-10 13:31:26,060 [main] INFO  org.apache.catalina.core.StandardService- Stopping service Catalina
2013-12-10 13:31:26,246 [main] ERROR org.apache.catalina.loader.WebappClassLoader- The web application [/owf] registered the JDBC driver [org.hsqldb.jdbcDriver] but failed to unregister it when the web application was stopped. To prevent a memory leak, the JDBC Driver has been forcibly unregistered.
2013-12-10 13:31:26,248 [main] ERROR org.apache.catalina.loader.WebappClassLoader- The web application [/owf] appears to have started a thread named [FileWatchdog] but has failed to stop it. This is very likely to create a memory leak.
2013-12-10 13:31:26,248 [main] ERROR org.apache.catalina.loader.WebappClassLoader- The web application [/owf] appears to have started a thread named [Timer-1] but has failed to stop it. This is very likely to create a memory leak.
2013-12-10 13:31:26,249 [main] INFO  org.apache.coyote.http11.Http11Protocol- Destroying ProtocolHandler ["http-bio-8080"]
2013-12-10 13:31:26,249 [main] INFO  org.apache.coyote.http11.Http11Protocol- Destroying ProtocolHandler ["http-bio-8443"]
2013-12-10 13:31:56,638 [main] INFO  org.apache.coyote.http11.Http11Protocol- Initializing ProtocolHandler ["http-bio-8080"]
2013-12-10 13:31:56,654 [main] ERROR org.apache.coyote.http11.Http11Protocol- Failed to initialize end point associated with ProtocolHandler ["http-bio-8080"]
java.net.BindException: Address already in use <null>:8080
	at org.apache.tomcat.util.net.JIoEndpoint.bind(JIoEndpoint.java:384)
	at org.apache.tomcat.util.net.AbstractEndpoint.init(AbstractEndpoint.java:492)
	at org.apache.coyote.AbstractProtocol.init(AbstractProtocol.java:369)
	at org.apache.coyote.http11.AbstractHttp11JsseProtocol.init(AbstractHttp11JsseProtocol.java:119)
	at org.apache.catalina.connector.Connector.initInternal(Connector.java:909)
	at org.apache.catalina.util.LifecycleBase.init(LifecycleBase.java:102)
	at org.apache.catalina.core.StandardService.initInternal(StandardService.java:559)
	at org.apache.catalina.util.LifecycleBase.init(LifecycleBase.java:102)
	at org.apache.catalina.core.StandardServer.initInternal(StandardServer.java:781)
	at org.apache.catalina.util.LifecycleBase.init(LifecycleBase.java:102)
	at org.apache.catalina.startup.Catalina.load(Catalina.java:573)
	at org.apache.catalina.startup.Catalina.load(Catalina.java:596)
	at sun.reflect.NativeMethodAccessorImpl.invoke0(Native Method)
	at sun.reflect.NativeMethodAccessorImpl.invoke(NativeMethodAccessorImpl.java:39)
	at sun.reflect.DelegatingMethodAccessorImpl.invoke(DelegatingMethodAccessorImpl.java:25)
	at java.lang.reflect.Method.invoke(Method.java:597)
	at org.apache.catalina.startup.Bootstrap.load(Bootstrap.java:281)
	at org.apache.catalina.startup.Bootstrap.main(Bootstrap.java:449)
Caused by: java.net.BindException: Address already in use
	at java.net.PlainSocketImpl.socketBind(Native Method)
	at java.net.PlainSocketImpl.socketBind(PlainSocketImpl.java:521)
	at java.net.PlainSocketImpl.bind(PlainSocketImpl.java:414)
	at java.net.ServerSocket.bind(ServerSocket.java:326)
	at java.net.ServerSocket.<init>(ServerSocket.java:192)
	at java.net.ServerSocket.<init>(ServerSocket.java:148)
	at org.apache.tomcat.util.net.DefaultServerSocketFactory.createSocket(DefaultServerSocketFactory.java:48)
	at org.apache.tomcat.util.net.JIoEndpoint.bind(JIoEndpoint.java:371)
	... 17 more
2013-12-10 13:31:56,657 [main] ERROR org.apache.catalina.core.StandardService- Failed to initialize connector [Connector[HTTP/1.1-8080]]
org.apache.catalina.LifecycleException: Failed to initialize component [Connector[HTTP/1.1-8080]]
	at org.apache.catalina.util.LifecycleBase.init(LifecycleBase.java:106)
	at org.apache.catalina.core.StandardService.initInternal(StandardService.java:559)
	at org.apache.catalina.util.LifecycleBase.init(LifecycleBase.java:102)
	at org.apache.catalina.core.StandardServer.initInternal(StandardServer.java:781)
	at org.apache.catalina.util.LifecycleBase.init(LifecycleBase.java:102)
	at org.apache.catalina.startup.Catalina.load(Catalina.java:573)
	at org.apache.catalina.startup.Catalina.load(Catalina.java:596)
	at sun.reflect.NativeMethodAccessorImpl.invoke0(Native Method)
	at sun.reflect.NativeMethodAccessorImpl.invoke(NativeMethodAccessorImpl.java:39)
	at sun.reflect.DelegatingMethodAccessorImpl.invoke(DelegatingMethodAccessorImpl.java:25)
	at java.lang.reflect.Method.invoke(Method.java:597)
	at org.apache.catalina.startup.Bootstrap.load(Bootstrap.java:281)
	at org.apache.catalina.startup.Bootstrap.main(Bootstrap.java:449)
Caused by: org.apache.catalina.LifecycleException: Protocol handler initialization failed
	at org.apache.catalina.connector.Connector.initInternal(Connector.java:911)
	at org.apache.catalina.util.LifecycleBase.init(LifecycleBase.java:102)
	... 12 more
Caused by: java.net.BindException: Address already in use <null>:8080
	at org.apache.tomcat.util.net.JIoEndpoint.bind(JIoEndpoint.java:384)
	at org.apache.tomcat.util.net.AbstractEndpoint.init(AbstractEndpoint.java:492)
	at org.apache.coyote.AbstractProtocol.init(AbstractProtocol.java:369)
	at org.apache.coyote.http11.AbstractHttp11JsseProtocol.init(AbstractHttp11JsseProtocol.java:119)
	at org.apache.catalina.connector.Connector.initInternal(Connector.java:909)
	... 13 more
Caused by: java.net.BindException: Address already in use
	at java.net.PlainSocketImpl.socketBind(Native Method)
	at java.net.PlainSocketImpl.socketBind(PlainSocketImpl.java:521)
	at java.net.PlainSocketImpl.bind(PlainSocketImpl.java:414)
	at java.net.ServerSocket.bind(ServerSocket.java:326)
	at java.net.ServerSocket.<init>(ServerSocket.java:192)
	at java.net.ServerSocket.<init>(ServerSocket.java:148)
	at org.apache.tomcat.util.net.DefaultServerSocketFactory.createSocket(DefaultServerSocketFactory.java:48)
	at org.apache.tomcat.util.net.JIoEndpoint.bind(JIoEndpoint.java:371)
	... 17 more
2013-12-10 13:31:56,658 [main] INFO  org.apache.coyote.http11.Http11Protocol- Initializing ProtocolHandler ["http-bio-8443"]
2013-12-10 13:31:56,797 [main] ERROR org.apache.coyote.http11.Http11Protocol- Failed to initialize end point associated with ProtocolHandler ["http-bio-8443"]
java.net.BindException: Address already in use <null>:8443
	at org.apache.tomcat.util.net.JIoEndpoint.bind(JIoEndpoint.java:384)
	at org.apache.tomcat.util.net.AbstractEndpoint.init(AbstractEndpoint.java:492)
	at org.apache.coyote.AbstractProtocol.init(AbstractProtocol.java:369)
	at org.apache.coyote.http11.AbstractHttp11JsseProtocol.init(AbstractHttp11JsseProtocol.java:119)
	at org.apache.catalina.connector.Connector.initInternal(Connector.java:909)
	at org.apache.catalina.util.LifecycleBase.init(LifecycleBase.java:102)
	at org.apache.catalina.core.StandardService.initInternal(StandardService.java:559)
	at org.apache.catalina.util.LifecycleBase.init(LifecycleBase.java:102)
	at org.apache.catalina.core.StandardServer.initInternal(StandardServer.java:781)
	at org.apache.catalina.util.LifecycleBase.init(LifecycleBase.java:102)
	at org.apache.catalina.startup.Catalina.load(Catalina.java:573)
	at org.apache.catalina.startup.Catalina.load(Catalina.java:596)
	at sun.reflect.NativeMethodAccessorImpl.invoke0(Native Method)
	at sun.reflect.NativeMethodAccessorImpl.invoke(NativeMethodAccessorImpl.java:39)
	at sun.reflect.DelegatingMethodAccessorImpl.invoke(DelegatingMethodAccessorImpl.java:25)
	at java.lang.reflect.Method.invoke(Method.java:597)
	at org.apache.catalina.startup.Bootstrap.load(Bootstrap.java:281)
	at org.apache.catalina.startup.Bootstrap.main(Bootstrap.java:449)
Caused by: java.net.BindException: Address already in use
	at java.net.PlainSocketImpl.socketBind(Native Method)
	at java.net.PlainSocketImpl.socketBind(PlainSocketImpl.java:521)
	at java.net.PlainSocketImpl.bind(PlainSocketImpl.java:414)
	at java.net.ServerSocket.bind(ServerSocket.java:326)
	at java.net.ServerSocket.<init>(ServerSocket.java:192)
	at java.net.ServerSocket.<init>(ServerSocket.java:148)
	at javax.net.ssl.SSLServerSocket.<init>(SSLServerSocket.java:84)
	at com.sun.net.ssl.internal.ssl.SSLServerSocketImpl.<init>(SSLServerSocketImpl.java:81)
	at com.sun.net.ssl.internal.ssl.SSLServerSocketFactoryImpl.createServerSocket(SSLServerSocketFactoryImpl.java:65)
	at org.apache.tomcat.util.net.jsse.JSSESocketFactory.createSocket(JSSESocketFactory.java:159)
	at org.apache.tomcat.util.net.JIoEndpoint.bind(JIoEndpoint.java:371)
	... 17 more
2013-12-10 13:31:56,798 [main] ERROR org.apache.catalina.core.StandardService- Failed to initialize connector [Connector[HTTP/1.1-8443]]
org.apache.catalina.LifecycleException: Failed to initialize component [Connector[HTTP/1.1-8443]]
	at org.apache.catalina.util.LifecycleBase.init(LifecycleBase.java:106)
	at org.apache.catalina.core.StandardService.initInternal(StandardService.java:559)
	at org.apache.catalina.util.LifecycleBase.init(LifecycleBase.java:102)
	at org.apache.catalina.core.StandardServer.initInternal(StandardServer.java:781)
	at org.apache.catalina.util.LifecycleBase.init(LifecycleBase.java:102)
	at org.apache.catalina.startup.Catalina.load(Catalina.java:573)
	at org.apache.catalina.startup.Catalina.load(Catalina.java:596)
	at sun.reflect.NativeMethodAccessorImpl.invoke0(Native Method)
	at sun.reflect.NativeMethodAccessorImpl.invoke(NativeMethodAccessorImpl.java:39)
	at sun.reflect.DelegatingMethodAccessorImpl.invoke(DelegatingMethodAccessorImpl.java:25)
	at java.lang.reflect.Method.invoke(Method.java:597)
	at org.apache.catalina.startup.Bootstrap.load(Bootstrap.java:281)
	at org.apache.catalina.startup.Bootstrap.main(Bootstrap.java:449)
Caused by: org.apache.catalina.LifecycleException: Protocol handler initialization failed
	at org.apache.catalina.connector.Connector.initInternal(Connector.java:911)
	at org.apache.catalina.util.LifecycleBase.init(LifecycleBase.java:102)
	... 12 more
Caused by: java.net.BindException: Address already in use <null>:8443
	at org.apache.tomcat.util.net.JIoEndpoint.bind(JIoEndpoint.java:384)
	at org.apache.tomcat.util.net.AbstractEndpoint.init(AbstractEndpoint.java:492)
	at org.apache.coyote.AbstractProtocol.init(AbstractProtocol.java:369)
	at org.apache.coyote.http11.AbstractHttp11JsseProtocol.init(AbstractHttp11JsseProtocol.java:119)
	at org.apache.catalina.connector.Connector.initInternal(Connector.java:909)
	... 13 more
Caused by: java.net.BindException: Address already in use
	at java.net.PlainSocketImpl.socketBind(Native Method)
	at java.net.PlainSocketImpl.socketBind(PlainSocketImpl.java:521)
	at java.net.PlainSocketImpl.bind(PlainSocketImpl.java:414)
	at java.net.ServerSocket.bind(ServerSocket.java:326)
	at java.net.ServerSocket.<init>(ServerSocket.java:192)
	at java.net.ServerSocket.<init>(ServerSocket.java:148)
	at javax.net.ssl.SSLServerSocket.<init>(SSLServerSocket.java:84)
	at com.sun.net.ssl.internal.ssl.SSLServerSocketImpl.<init>(SSLServerSocketImpl.java:81)
	at com.sun.net.ssl.internal.ssl.SSLServerSocketFactoryImpl.createServerSocket(SSLServerSocketFactoryImpl.java:65)
	at org.apache.tomcat.util.net.jsse.JSSESocketFactory.createSocket(JSSESocketFactory.java:159)
	at org.apache.tomcat.util.net.JIoEndpoint.bind(JIoEndpoint.java:371)
	... 17 more
2013-12-10 13:31:56,799 [main] INFO  org.apache.catalina.startup.Catalina- Initialization processed in 501 ms
2013-12-10 13:31:56,809 [main] INFO  org.apache.catalina.core.StandardService- Starting service Catalina
2013-12-10 13:31:56,809 [main] INFO  org.apache.catalina.core.StandardEngine- Starting Servlet Engine: Apache Tomcat/7.0.21
2013-12-10 13:31:56,812 [main] INFO  org.apache.catalina.startup.HostConfig- Deploying web application archive cas.war
2013-12-10 13:31:57,016 [main] INFO  org.apache.catalina.realm.JAASRealm- Set JAAS app name Catalina
2013-12-10 13:31:58,372 [main] INFO  org.apache.catalina.startup.HostConfig- Deploying web application archive owf.war
2013-12-10 13:32:06,623 [main] INFO  org.apache.catalina.startup.Catalina- Server startup in 9824 ms
2013-12-10 13:32:06,624 [main] ERROR org.apache.catalina.core.StandardServer- StandardServer.await: create[localhost:8005]: 
java.net.BindException: Address already in use
	at java.net.PlainSocketImpl.socketBind(Native Method)
	at java.net.PlainSocketImpl.socketBind(PlainSocketImpl.java:521)
	at java.net.PlainSocketImpl.bind(PlainSocketImpl.java:414)
	at java.net.ServerSocket.bind(ServerSocket.java:326)
	at java.net.ServerSocket.<init>(ServerSocket.java:192)
	at org.apache.catalina.core.StandardServer.await(StandardServer.java:422)
	at org.apache.catalina.startup.Catalina.await(Catalina.java:709)
	at org.apache.catalina.startup.Catalina.start(Catalina.java:654)
	at sun.reflect.NativeMethodAccessorImpl.invoke0(Native Method)
	at sun.reflect.NativeMethodAccessorImpl.invoke(NativeMethodAccessorImpl.java:39)
	at sun.reflect.DelegatingMethodAccessorImpl.invoke(DelegatingMethodAccessorImpl.java:25)
	at java.lang.reflect.Method.invoke(Method.java:597)
	at org.apache.catalina.startup.Bootstrap.start(Bootstrap.java:322)
	at org.apache.catalina.startup.Bootstrap.main(Bootstrap.java:450)
2013-12-10 13:32:06,625 [main] INFO  org.apache.coyote.http11.Http11Protocol- Pausing ProtocolHandler ["http-bio-8080"]
2013-12-10 13:32:06,625 [main] INFO  org.apache.coyote.http11.Http11Protocol- Pausing ProtocolHandler ["http-bio-8443"]
2013-12-10 13:32:06,625 [main] INFO  org.apache.catalina.core.StandardService- Stopping service Catalina
2013-12-10 13:32:06,825 [main] ERROR org.apache.catalina.loader.WebappClassLoader- The web application [/owf] registered the JDBC driver [org.hsqldb.jdbcDriver] but failed to unregister it when the web application was stopped. To prevent a memory leak, the JDBC Driver has been forcibly unregistered.
2013-12-10 13:32:06,825 [main] ERROR org.apache.catalina.loader.WebappClassLoader- The web application [/owf] appears to have started a thread named [FileWatchdog] but has failed to stop it. This is very likely to create a memory leak.
2013-12-10 13:32:06,825 [main] ERROR org.apache.catalina.loader.WebappClassLoader- The web application [/owf] appears to have started a thread named [Timer-1] but has failed to stop it. This is very likely to create a memory leak.
2013-12-10 13:32:06,827 [main] INFO  org.apache.coyote.http11.Http11Protocol- Destroying ProtocolHandler ["http-bio-8080"]
2013-12-10 13:32:06,827 [main] INFO  org.apache.coyote.http11.Http11Protocol- Destroying ProtocolHandler ["http-bio-8443"]
2013-12-10 14:03:01,061 [ContainerBackgroundProcessor[StandardEngine[Catalina]]] INFO  org.apache.catalina.startup.HostConfig- Deploying web application archive announcing-clock.war
2013-12-10 14:07:52,998 [http-bio-8443-exec-22] INFO  org.apache.jasper.compiler.TldLocationsCache- At least one JAR was scanned for TLDs yet contained no TLDs. Enable debug logging for this logger for a complete list of JARs that were scanned but no TLDs were found in them. Skipping unneeded JARs during scanning can improve startup time and JSP compilation time.
2013-12-10 14:22:51,379 [ContainerBackgroundProcessor[StandardEngine[Catalina]]] INFO  org.apache.catalina.startup.HostConfig- Deploying web application archive clock.war
2013-12-10 16:12:00,316 [ContainerBackgroundProcessor[StandardEngine[Catalina]]] INFO  org.apache.catalina.startup.HostConfig- Deploying web application archive announcing-clock2.war
2013-12-10 16:23:00,484 [ContainerBackgroundProcessor[StandardEngine[Catalina]]] INFO  org.apache.catalina.startup.HostConfig- Deploying web application archive notclock.war
2013-12-10 16:34:30,660 [ContainerBackgroundProcessor[StandardEngine[Catalina]]] INFO  org.apache.catalina.startup.HostConfig- Deploying web application archive notclock2.war
2013-12-10 16:41:00,781 [ContainerBackgroundProcessor[StandardEngine[Catalina]]] INFO  org.apache.catalina.startup.HostConfig- Undeploying context [/notclock2]
2013-12-10 16:41:01,195 [ContainerBackgroundProcessor[StandardEngine[Catalina]]] INFO  org.apache.catalina.startup.HostConfig- Deploying web application archive notclock2.war
2013-12-10 16:46:40,820 [ContainerBackgroundProcessor[StandardEngine[Catalina]]] INFO  org.apache.catalina.startup.HostConfig- Undeploying context [/notclock2]
2013-12-10 16:46:41,228 [ContainerBackgroundProcessor[StandardEngine[Catalina]]] INFO  org.apache.catalina.startup.HostConfig- Deploying web application archive notclock2.war
2013-12-10 16:53:51,356 [ContainerBackgroundProcessor[StandardEngine[Catalina]]] INFO  org.apache.catalina.startup.HostConfig- Undeploying context [/notclock2]
2013-12-10 16:53:51,769 [ContainerBackgroundProcessor[StandardEngine[Catalina]]] INFO  org.apache.catalina.startup.HostConfig- Deploying web application archive notclock2.war
2013-12-10 17:13:24,459 [Thread-17] INFO  org.apache.coyote.http11.Http11Protocol- Pausing ProtocolHandler ["http-bio-8080"]
2013-12-10 17:13:25,460 [Thread-17] INFO  org.apache.coyote.http11.Http11Protocol- Pausing ProtocolHandler ["http-bio-8443"]
2013-12-10 17:13:26,462 [Thread-17] INFO  org.apache.catalina.core.StandardService- Stopping service Catalina
2013-12-10 17:13:26,702 [Thread-17] ERROR org.apache.catalina.loader.WebappClassLoader- The web application [/owf] registered the JDBC driver [org.hsqldb.jdbcDriver] but failed to unregister it when the web application was stopped. To prevent a memory leak, the JDBC Driver has been forcibly unregistered.
2013-12-10 17:13:26,702 [Thread-17] ERROR org.apache.catalina.loader.WebappClassLoader- The web application [/owf] appears to have started a thread named [FileWatchdog] but has failed to stop it. This is very likely to create a memory leak.
2013-12-10 17:13:26,703 [Thread-17] ERROR org.apache.catalina.loader.WebappClassLoader- The web application [/owf] appears to have started a thread named [Timer-1] but has failed to stop it. This is very likely to create a memory leak.
2013-12-10 17:13:26,703 [Thread-17] ERROR org.apache.catalina.loader.WebappClassLoader- The web application [/owf] created a ThreadLocal with key of type [org.codehaus.groovy.grails.orm.hibernate.support.HibernatePersistenceContextInterceptor$2] (value [org.codehaus.groovy.grails.orm.hibernate.support.HibernatePersistenceContextInterceptor$2@723e6d18]) and a value of type [java.lang.Integer] (value [0]) but failed to remove it when the web application was stopped. Threads are going to be renewed over time to try and avoid a probable memory leak. 
2013-12-10 17:13:26,705 [Thread-17] ERROR org.apache.catalina.loader.WebappClassLoader- The web application [/owf] created a ThreadLocal with key of type [org.codehaus.groovy.grails.orm.hibernate.validation.HibernateDomainClassValidator$1] (value [org.codehaus.groovy.grails.orm.hibernate.validation.HibernateDomainClassValidator$1@1ab15ab0]) and a value of type [java.util.ArrayList] (value [[]]) but failed to remove it when the web application was stopped. Threads are going to be renewed over time to try and avoid a probable memory leak. 
2013-12-10 17:13:26,705 [Thread-17] ERROR org.apache.catalina.loader.WebappClassLoader- The web application [/owf] created a ThreadLocal with key of type [org.codehaus.groovy.grails.orm.hibernate.support.HibernatePersistenceContextInterceptor$1] (value [org.codehaus.groovy.grails.orm.hibernate.support.HibernatePersistenceContextInterceptor$1@71b8e680]) and a value of type [java.lang.Boolean] (value [false]) but failed to remove it when the web application was stopped. Threads are going to be renewed over time to try and avoid a probable memory leak. 
2013-12-10 17:13:26,706 [Thread-17] ERROR org.apache.catalina.loader.WebappClassLoader- The web application [/owf] created a ThreadLocal with key of type [org.codehaus.groovy.grails.commons.spring.ReloadAwareAutowireCapableBeanFactory$2] (value [org.codehaus.groovy.grails.commons.spring.ReloadAwareAutowireCapableBeanFactory$2@222517d4]) and a value of type [java.lang.Boolean] (value [false]) but failed to remove it when the web application was stopped. Threads are going to be renewed over time to try and avoid a probable memory leak. 
2013-12-10 17:13:26,706 [Thread-17] ERROR org.apache.catalina.loader.WebappClassLoader- The web application [/owf] created a ThreadLocal with key of type [org.codehaus.groovy.grails.orm.hibernate.support.HibernatePersistenceContextInterceptor$2] (value [org.codehaus.groovy.grails.orm.hibernate.support.HibernatePersistenceContextInterceptor$2@723e6d18]) and a value of type [java.lang.Integer] (value [0]) but failed to remove it when the web application was stopped. Threads are going to be renewed over time to try and avoid a probable memory leak. 
2013-12-10 17:13:26,706 [Thread-17] ERROR org.apache.catalina.loader.WebappClassLoader- The web application [/owf] created a ThreadLocal with key of type [org.codehaus.groovy.grails.orm.hibernate.validation.HibernateDomainClassValidator$1] (value [org.codehaus.groovy.grails.orm.hibernate.validation.HibernateDomainClassValidator$1@1ab15ab0]) and a value of type [java.util.ArrayList] (value [[]]) but failed to remove it when the web application was stopped. Threads are going to be renewed over time to try and avoid a probable memory leak. 
2013-12-10 17:13:26,706 [Thread-17] ERROR org.apache.catalina.loader.WebappClassLoader- The web application [/owf] created a ThreadLocal with key of type [org.codehaus.groovy.grails.orm.hibernate.support.HibernatePersistenceContextInterceptor$1] (value [org.codehaus.groovy.grails.orm.hibernate.support.HibernatePersistenceContextInterceptor$1@71b8e680]) and a value of type [java.lang.Boolean] (value [false]) but failed to remove it when the web application was stopped. Threads are going to be renewed over time to try and avoid a probable memory leak. 
2013-12-10 17:13:26,706 [Thread-17] ERROR org.apache.catalina.loader.WebappClassLoader- The web application [/owf] created a ThreadLocal with key of type [org.codehaus.groovy.grails.commons.spring.ReloadAwareAutowireCapableBeanFactory$2] (value [org.codehaus.groovy.grails.commons.spring.ReloadAwareAutowireCapableBeanFactory$2@222517d4]) and a value of type [java.lang.Boolean] (value [false]) but failed to remove it when the web application was stopped. Threads are going to be renewed over time to try and avoid a probable memory leak. 
2013-12-10 17:13:26,706 [Thread-17] ERROR org.apache.catalina.loader.WebappClassLoader- The web application [/owf] created a ThreadLocal with key of type [org.codehaus.groovy.grails.orm.hibernate.validation.HibernateDomainClassValidator$1] (value [org.codehaus.groovy.grails.orm.hibernate.validation.HibernateDomainClassValidator$1@1ab15ab0]) and a value of type [java.util.ArrayList] (value [[]]) but failed to remove it when the web application was stopped. Threads are going to be renewed over time to try and avoid a probable memory leak. 
2013-12-10 17:13:26,716 [Thread-17] INFO  org.apache.coyote.http11.Http11Protocol- Stopping ProtocolHandler ["http-bio-8080"]
2013-12-10 17:13:26,717 [Thread-17] INFO  org.apache.coyote.http11.Http11Protocol- Stopping ProtocolHandler ["http-bio-8443"]
2013-12-10 17:13:26,723 [Thread-17] INFO  org.apache.coyote.http11.Http11Protocol- Destroying ProtocolHandler ["http-bio-8080"]
2013-12-10 17:13:26,723 [Thread-17] INFO  org.apache.coyote.http11.Http11Protocol- Destroying ProtocolHandler ["http-bio-8443"]
2013-12-17 11:33:01,560 [main] INFO  org.apache.coyote.http11.Http11Protocol- Initializing ProtocolHandler ["http-bio-8080"]
2013-12-17 11:33:01,579 [main] INFO  org.apache.coyote.http11.Http11Protocol- Initializing ProtocolHandler ["http-bio-8443"]
2013-12-17 11:33:01,734 [main] INFO  org.apache.catalina.startup.Catalina- Initialization processed in 560 ms
2013-12-17 11:33:01,746 [main] INFO  org.apache.catalina.core.StandardService- Starting service Catalina
2013-12-17 11:33:01,746 [main] INFO  org.apache.catalina.core.StandardEngine- Starting Servlet Engine: Apache Tomcat/7.0.21
2013-12-17 11:33:01,751 [main] INFO  org.apache.catalina.startup.HostConfig- Deploying web application archive announcing-clock.war
2013-12-17 11:33:02,077 [main] INFO  org.apache.catalina.realm.JAASRealm- Set JAAS app name Catalina
2013-12-17 11:33:02,124 [main] INFO  org.apache.catalina.startup.HostConfig- Deploying web application archive announcing-clock2.war
2013-12-17 11:33:02,223 [main] INFO  org.apache.catalina.startup.HostConfig- Deploying web application archive cas.war
2013-12-17 11:33:03,792 [main] INFO  org.apache.catalina.startup.HostConfig- Deploying web application archive clock.war
2013-12-17 11:33:03,817 [main] INFO  org.apache.catalina.startup.HostConfig- Deploying web application archive notclock.war
2013-12-17 11:33:03,875 [main] INFO  org.apache.catalina.startup.HostConfig- Deploying web application archive notclock2.war
2013-12-17 11:33:03,931 [main] INFO  org.apache.catalina.startup.HostConfig- Deploying web application archive owf.war
2013-12-17 11:33:13,518 [main] INFO  org.apache.coyote.http11.Http11Protocol- Starting ProtocolHandler ["http-bio-8080"]
2013-12-17 11:33:13,524 [main] INFO  org.apache.coyote.http11.Http11Protocol- Starting ProtocolHandler ["http-bio-8443"]
2013-12-17 11:33:13,525 [main] INFO  org.apache.catalina.startup.Catalina- Server startup in 11790 ms
2013-12-17 11:33:54,047 [ContainerBackgroundProcessor[StandardEngine[Catalina]]] INFO  org.apache.catalina.startup.HostConfig- Undeploying context [/announcing-clock]
2013-12-17 11:34:14,471 [ContainerBackgroundProcessor[StandardEngine[Catalina]]] INFO  org.apache.catalina.startup.HostConfig- Deploying web application archive announcing-clock.war
2013-12-18 11:03:03,705 [ContainerBackgroundProcessor[StandardEngine[Catalina]]] INFO  org.apache.catalina.startup.HostConfig- Undeploying context [/announcing-clock]
2013-12-18 11:03:14,128 [ContainerBackgroundProcessor[StandardEngine[Catalina]]] INFO  org.apache.catalina.startup.HostConfig- Deploying web application archive announcing-clock.war
2013-12-18 11:08:34,235 [ContainerBackgroundProcessor[StandardEngine[Catalina]]] INFO  org.apache.catalina.startup.HostConfig- Undeploying context [/announcing-clock]
2013-12-18 11:08:34,647 [ContainerBackgroundProcessor[StandardEngine[Catalina]]] INFO  org.apache.catalina.startup.HostConfig- Deploying web application archive announcing-clock.war
2013-12-18 15:25:48,605 [Thread-21] INFO  org.apache.coyote.http11.Http11Protocol- Pausing ProtocolHandler ["http-bio-8080"]
2013-12-18 15:25:49,607 [Thread-21] INFO  org.apache.coyote.http11.Http11Protocol- Pausing ProtocolHandler ["http-bio-8443"]
2013-12-18 15:25:50,609 [Thread-21] INFO  org.apache.catalina.core.StandardService- Stopping service Catalina
2013-12-18 15:25:50,894 [Thread-21] ERROR org.apache.catalina.loader.WebappClassLoader- The web application [/owf] registered the JDBC driver [org.hsqldb.jdbcDriver] but failed to unregister it when the web application was stopped. To prevent a memory leak, the JDBC Driver has been forcibly unregistered.
2013-12-18 15:25:50,894 [Thread-21] ERROR org.apache.catalina.loader.WebappClassLoader- The web application [/owf] appears to have started a thread named [FileWatchdog] but has failed to stop it. This is very likely to create a memory leak.
2013-12-18 15:25:50,895 [Thread-21] ERROR org.apache.catalina.loader.WebappClassLoader- The web application [/owf] appears to have started a thread named [Timer-1] but has failed to stop it. This is very likely to create a memory leak.
2013-12-18 15:25:50,897 [Thread-21] ERROR org.apache.catalina.loader.WebappClassLoader- The web application [/owf] created a ThreadLocal with key of type [org.codehaus.groovy.grails.orm.hibernate.validation.HibernateDomainClassValidator$1] (value [org.codehaus.groovy.grails.orm.hibernate.validation.HibernateDomainClassValidator$1@7da64ab2]) and a value of type [java.util.ArrayList] (value [[]]) but failed to remove it when the web application was stopped. Threads are going to be renewed over time to try and avoid a probable memory leak. 
2013-12-18 15:25:50,897 [Thread-21] ERROR org.apache.catalina.loader.WebappClassLoader- The web application [/owf] created a ThreadLocal with key of type [org.codehaus.groovy.grails.orm.hibernate.validation.HibernateDomainClassValidator$1] (value [org.codehaus.groovy.grails.orm.hibernate.validation.HibernateDomainClassValidator$1@7da64ab2]) and a value of type [java.util.ArrayList] (value [[]]) but failed to remove it when the web application was stopped. Threads are going to be renewed over time to try and avoid a probable memory leak. 
2013-12-18 15:25:50,905 [Thread-21] INFO  org.apache.coyote.http11.Http11Protocol- Stopping ProtocolHandler ["http-bio-8080"]
2013-12-18 15:25:50,906 [Thread-21] INFO  org.apache.coyote.http11.Http11Protocol- Stopping ProtocolHandler ["http-bio-8443"]
2013-12-18 15:25:50,911 [Thread-21] INFO  org.apache.coyote.http11.Http11Protocol- Destroying ProtocolHandler ["http-bio-8080"]
2013-12-18 15:25:50,911 [Thread-21] INFO  org.apache.coyote.http11.Http11Protocol- Destroying ProtocolHandler ["http-bio-8443"]
2013-12-19 15:23:27,743 [main] INFO  org.apache.coyote.http11.Http11Protocol- Initializing ProtocolHandler ["http-bio-8080"]
2013-12-19 15:23:27,763 [main] INFO  org.apache.coyote.http11.Http11Protocol- Initializing ProtocolHandler ["http-bio-8443"]
2013-12-19 15:23:27,925 [main] INFO  org.apache.catalina.startup.Catalina- Initialization processed in 596 ms
2013-12-19 15:23:27,938 [main] INFO  org.apache.catalina.core.StandardService- Starting service Catalina
2013-12-19 15:23:27,938 [main] INFO  org.apache.catalina.core.StandardEngine- Starting Servlet Engine: Apache Tomcat/7.0.21
2013-12-19 15:23:27,942 [main] INFO  org.apache.catalina.startup.HostConfig- Deploying web application archive announcing-clock.war
2013-12-19 15:23:28,241 [main] INFO  org.apache.catalina.realm.JAASRealm- Set JAAS app name Catalina
2013-12-19 15:23:28,291 [main] INFO  org.apache.catalina.startup.HostConfig- Deploying web application archive announcing-clock2.war
2013-12-19 15:23:28,378 [main] INFO  org.apache.catalina.startup.HostConfig- Deploying web application archive cas.war
2013-12-19 15:23:29,916 [main] INFO  org.apache.catalina.startup.HostConfig- Deploying web application archive clock.war
2013-12-19 15:23:29,946 [main] INFO  org.apache.catalina.startup.HostConfig- Deploying web application archive notclock.war
2013-12-19 15:23:30,008 [main] INFO  org.apache.catalina.startup.HostConfig- Deploying web application archive notclock2.war
2013-12-19 15:23:30,062 [main] INFO  org.apache.catalina.startup.HostConfig- Deploying web application archive owf.war
2013-12-19 15:23:39,302 [main] INFO  org.apache.coyote.http11.Http11Protocol- Starting ProtocolHandler ["http-bio-8080"]
2013-12-19 15:23:39,307 [main] INFO  org.apache.coyote.http11.Http11Protocol- Starting ProtocolHandler ["http-bio-8443"]
2013-12-19 15:23:39,308 [main] INFO  org.apache.catalina.startup.Catalina- Server startup in 11383 ms
2013-12-19 15:25:39,828 [ContainerBackgroundProcessor[StandardEngine[Catalina]]] INFO  org.apache.catalina.startup.HostConfig- Undeploying context [/announcing-clock]
2013-12-19 15:25:40,243 [ContainerBackgroundProcessor[StandardEngine[Catalina]]] INFO  org.apache.catalina.startup.HostConfig- Deploying web application archive announcing-clock.war
2013-12-19 16:06:41,422 [ContainerBackgroundProcessor[StandardEngine[Catalina]]] INFO  org.apache.catalina.startup.HostConfig- Undeploying context [/announcing-clock]
2013-12-19 16:06:42,336 [ContainerBackgroundProcessor[StandardEngine[Catalina]]] INFO  org.apache.catalina.startup.HostConfig- Undeploying context [/announcing-clock2]
2013-12-19 16:06:53,247 [ContainerBackgroundProcessor[StandardEngine[Catalina]]] INFO  org.apache.catalina.startup.HostConfig- Undeploying context [/notclock]
2013-12-19 16:06:54,157 [ContainerBackgroundProcessor[StandardEngine[Catalina]]] INFO  org.apache.catalina.startup.HostConfig- Undeploying context [/clock]
2013-12-19 16:06:55,066 [ContainerBackgroundProcessor[StandardEngine[Catalina]]] INFO  org.apache.catalina.startup.HostConfig- Undeploying context [/notclock2]
2013-12-19 16:07:15,478 [ContainerBackgroundProcessor[StandardEngine[Catalina]]] INFO  org.apache.catalina.startup.HostConfig- Deploying web application archive announcing-clock.war
2013-12-19 16:15:55,446 [ContainerBackgroundProcessor[StandardEngine[Catalina]]] INFO  org.apache.catalina.startup.HostConfig- Undeploying context [/announcing-clock]
2013-12-19 16:15:55,862 [ContainerBackgroundProcessor[StandardEngine[Catalina]]] INFO  org.apache.catalina.startup.HostConfig- Deploying web application archive announcing-clock.war
2013-12-19 16:20:25,966 [ContainerBackgroundProcessor[StandardEngine[Catalina]]] INFO  org.apache.catalina.startup.HostConfig- Undeploying context [/announcing-clock]
2013-12-19 16:20:26,382 [ContainerBackgroundProcessor[StandardEngine[Catalina]]] INFO  org.apache.catalina.startup.HostConfig- Deploying web application archive announcing-clock.war
2013-12-19 16:22:16,961 [ContainerBackgroundProcessor[StandardEngine[Catalina]]] INFO  org.apache.catalina.startup.HostConfig- Undeploying context [/announcing-clock]
2013-12-19 16:22:27,370 [ContainerBackgroundProcessor[StandardEngine[Catalina]]] INFO  org.apache.catalina.startup.HostConfig- Deploying web application archive announcing-clock.war
2013-12-19 16:23:27,453 [ContainerBackgroundProcessor[StandardEngine[Catalina]]] INFO  org.apache.catalina.startup.HostConfig- Undeploying context [/announcing-clock]
2013-12-19 16:23:27,867 [ContainerBackgroundProcessor[StandardEngine[Catalina]]] INFO  org.apache.catalina.startup.HostConfig- Deploying web application archive announcing-clock.war
2013-12-19 16:47:58,148 [ContainerBackgroundProcessor[StandardEngine[Catalina]]] INFO  org.apache.catalina.startup.HostConfig- Undeploying context [/announcing-clock]
2013-12-19 16:47:58,561 [ContainerBackgroundProcessor[StandardEngine[Catalina]]] INFO  org.apache.catalina.startup.HostConfig- Deploying web application archive announcing-clock.war
2013-12-19 16:52:19,166 [ContainerBackgroundProcessor[StandardEngine[Catalina]]] INFO  org.apache.catalina.startup.HostConfig- Undeploying context [/announcing-clock]
2013-12-19 17:33:14,587 [ContainerBackgroundProcessor[StandardEngine[Catalina]]] INFO  org.apache.catalina.startup.HostConfig- Deploying web application archive announcing-clock.war
2013-12-19 17:35:27,941 [Thread-21] INFO  org.apache.coyote.http11.Http11Protocol- Pausing ProtocolHandler ["http-bio-8080"]
2013-12-19 17:35:28,943 [Thread-21] INFO  org.apache.coyote.http11.Http11Protocol- Pausing ProtocolHandler ["http-bio-8443"]
2013-12-19 17:35:29,944 [Thread-21] INFO  org.apache.catalina.core.StandardService- Stopping service Catalina
2013-12-19 17:35:30,128 [Thread-21] ERROR org.apache.catalina.loader.WebappClassLoader- The web application [/owf] registered the JDBC driver [org.hsqldb.jdbcDriver] but failed to unregister it when the web application was stopped. To prevent a memory leak, the JDBC Driver has been forcibly unregistered.
2013-12-19 17:35:30,129 [Thread-21] ERROR org.apache.catalina.loader.WebappClassLoader- The web application [/owf] appears to have started a thread named [FileWatchdog] but has failed to stop it. This is very likely to create a memory leak.
2013-12-19 17:35:30,129 [Thread-21] ERROR org.apache.catalina.loader.WebappClassLoader- The web application [/owf] appears to have started a thread named [Timer-1] but has failed to stop it. This is very likely to create a memory leak.
2013-12-19 17:35:30,130 [Thread-21] ERROR org.apache.catalina.loader.WebappClassLoader- The web application [/owf] created a ThreadLocal with key of type [org.codehaus.groovy.grails.orm.hibernate.validation.HibernateDomainClassValidator$1] (value [org.codehaus.groovy.grails.orm.hibernate.validation.HibernateDomainClassValidator$1@5dd54779]) and a value of type [java.util.ArrayList] (value [[]]) but failed to remove it when the web application was stopped. Threads are going to be renewed over time to try and avoid a probable memory leak. 
2013-12-19 17:35:30,134 [Thread-21] INFO  org.apache.coyote.http11.Http11Protocol- Stopping ProtocolHandler ["http-bio-8080"]
2013-12-19 17:35:30,135 [Thread-21] INFO  org.apache.coyote.http11.Http11Protocol- Stopping ProtocolHandler ["http-bio-8443"]
2013-12-19 17:35:30,139 [Thread-21] INFO  org.apache.coyote.http11.Http11Protocol- Destroying ProtocolHandler ["http-bio-8080"]
2013-12-19 17:35:30,139 [Thread-21] INFO  org.apache.coyote.http11.Http11Protocol- Destroying ProtocolHandler ["http-bio-8443"]
2013-12-19 17:35:32,645 [main] INFO  org.apache.coyote.http11.Http11Protocol- Initializing ProtocolHandler ["http-bio-8080"]
2013-12-19 17:35:32,661 [main] INFO  org.apache.coyote.http11.Http11Protocol- Initializing ProtocolHandler ["http-bio-8443"]
2013-12-19 17:35:32,808 [main] INFO  org.apache.catalina.startup.Catalina- Initialization processed in 515 ms
2013-12-19 17:35:32,817 [main] INFO  org.apache.catalina.core.StandardService- Starting service Catalina
2013-12-19 17:35:32,817 [main] INFO  org.apache.catalina.core.StandardEngine- Starting Servlet Engine: Apache Tomcat/7.0.21
2013-12-19 17:35:32,820 [main] INFO  org.apache.catalina.startup.HostConfig- Deploying web application archive announcing-clock.war
2013-12-19 17:35:33,099 [main] INFO  org.apache.catalina.realm.JAASRealm- Set JAAS app name Catalina
2013-12-19 17:35:33,139 [main] INFO  org.apache.catalina.startup.HostConfig- Deploying web application archive cas.war
2013-12-19 17:35:34,624 [main] INFO  org.apache.catalina.startup.HostConfig- Deploying web application archive owf.war
2013-12-19 17:35:43,165 [main] INFO  org.apache.coyote.http11.Http11Protocol- Starting ProtocolHandler ["http-bio-8080"]
2013-12-19 17:35:43,170 [main] INFO  org.apache.coyote.http11.Http11Protocol- Starting ProtocolHandler ["http-bio-8443"]
2013-12-19 17:35:43,171 [main] INFO  org.apache.catalina.startup.Catalina- Server startup in 10362 ms
2013-12-20 10:51:28,494 [ContainerBackgroundProcessor[StandardEngine[Catalina]]] INFO  org.apache.catalina.startup.HostConfig- Undeploying context [/announcing-clock]
2013-12-20 10:51:38,928 [ContainerBackgroundProcessor[StandardEngine[Catalina]]] INFO  org.apache.catalina.startup.HostConfig- Deploying web application archive announcing-clock.war
2013-12-20 11:15:19,748 [ContainerBackgroundProcessor[StandardEngine[Catalina]]] INFO  org.apache.catalina.startup.HostConfig- Undeploying context [/announcing-clock]
2013-12-20 11:15:30,170 [ContainerBackgroundProcessor[StandardEngine[Catalina]]] INFO  org.apache.catalina.startup.HostConfig- Deploying web application archive announcing-clock.war
2013-12-20 15:22:01,328 [Thread-16] INFO  org.apache.coyote.http11.Http11Protocol- Pausing ProtocolHandler ["http-bio-8080"]
2013-12-20 15:22:02,330 [Thread-16] INFO  org.apache.coyote.http11.Http11Protocol- Pausing ProtocolHandler ["http-bio-8443"]
2013-12-20 15:22:03,332 [Thread-16] INFO  org.apache.catalina.core.StandardService- Stopping service Catalina
2013-12-20 15:22:03,583 [Thread-16] ERROR org.apache.catalina.loader.WebappClassLoader- The web application [/owf] registered the JDBC driver [org.hsqldb.jdbcDriver] but failed to unregister it when the web application was stopped. To prevent a memory leak, the JDBC Driver has been forcibly unregistered.
2013-12-20 15:22:03,584 [Thread-16] ERROR org.apache.catalina.loader.WebappClassLoader- The web application [/owf] appears to have started a thread named [FileWatchdog] but has failed to stop it. This is very likely to create a memory leak.
2013-12-20 15:22:03,584 [Thread-16] ERROR org.apache.catalina.loader.WebappClassLoader- The web application [/owf] appears to have started a thread named [Timer-1] but has failed to stop it. This is very likely to create a memory leak.
2013-12-20 15:22:03,584 [Thread-16] ERROR org.apache.catalina.loader.WebappClassLoader- The web application [/owf] created a ThreadLocal with key of type [org.codehaus.groovy.grails.orm.hibernate.validation.HibernateDomainClassValidator$1] (value [org.codehaus.groovy.grails.orm.hibernate.validation.HibernateDomainClassValidator$1@26fc13bc]) and a value of type [java.util.ArrayList] (value [[]]) but failed to remove it when the web application was stopped. Threads are going to be renewed over time to try and avoid a probable memory leak. 
2013-12-20 15:22:03,584 [Thread-16] ERROR org.apache.catalina.loader.WebappClassLoader- The web application [/owf] created a ThreadLocal with key of type [org.codehaus.groovy.grails.orm.hibernate.support.HibernatePersistenceContextInterceptor$1] (value [org.codehaus.groovy.grails.orm.hibernate.support.HibernatePersistenceContextInterceptor$1@6f73afa2]) and a value of type [java.lang.Boolean] (value [false]) but failed to remove it when the web application was stopped. Threads are going to be renewed over time to try and avoid a probable memory leak. 
2013-12-20 15:22:03,584 [Thread-16] ERROR org.apache.catalina.loader.WebappClassLoader- The web application [/owf] created a ThreadLocal with key of type [org.codehaus.groovy.grails.orm.hibernate.support.HibernatePersistenceContextInterceptor$2] (value [org.codehaus.groovy.grails.orm.hibernate.support.HibernatePersistenceContextInterceptor$2@140fedd8]) and a value of type [java.lang.Integer] (value [0]) but failed to remove it when the web application was stopped. Threads are going to be renewed over time to try and avoid a probable memory leak. 
2013-12-20 15:22:03,586 [Thread-16] ERROR org.apache.catalina.loader.WebappClassLoader- The web application [/owf] created a ThreadLocal with key of type [org.codehaus.groovy.grails.orm.hibernate.validation.HibernateDomainClassValidator$1] (value [org.codehaus.groovy.grails.orm.hibernate.validation.HibernateDomainClassValidator$1@26fc13bc]) and a value of type [java.util.ArrayList] (value [[]]) but failed to remove it when the web application was stopped. Threads are going to be renewed over time to try and avoid a probable memory leak. 
2013-12-20 15:22:03,587 [Thread-16] ERROR org.apache.catalina.loader.WebappClassLoader- The web application [/owf] created a ThreadLocal with key of type [org.codehaus.groovy.grails.orm.hibernate.validation.HibernateDomainClassValidator$1] (value [org.codehaus.groovy.grails.orm.hibernate.validation.HibernateDomainClassValidator$1@26fc13bc]) and a value of type [java.util.ArrayList] (value [[]]) but failed to remove it when the web application was stopped. Threads are going to be renewed over time to try and avoid a probable memory leak. 
2013-12-20 15:22:03,587 [Thread-16] ERROR org.apache.catalina.loader.WebappClassLoader- The web application [/owf] created a ThreadLocal with key of type [org.codehaus.groovy.grails.orm.hibernate.validation.HibernateDomainClassValidator$1] (value [org.codehaus.groovy.grails.orm.hibernate.validation.HibernateDomainClassValidator$1@26fc13bc]) and a value of type [java.util.ArrayList] (value [[]]) but failed to remove it when the web application was stopped. Threads are going to be renewed over time to try and avoid a probable memory leak. 
2013-12-20 15:22:03,587 [Thread-16] ERROR org.apache.catalina.loader.WebappClassLoader- The web application [/owf] created a ThreadLocal with key of type [org.codehaus.groovy.grails.orm.hibernate.validation.HibernateDomainClassValidator$1] (value [org.codehaus.groovy.grails.orm.hibernate.validation.HibernateDomainClassValidator$1@26fc13bc]) and a value of type [java.util.ArrayList] (value [[]]) but failed to remove it when the web application was stopped. Threads are going to be renewed over time to try and avoid a probable memory leak. 
2013-12-20 15:22:03,587 [Thread-16] ERROR org.apache.catalina.loader.WebappClassLoader- The web application [/owf] created a ThreadLocal with key of type [org.codehaus.groovy.grails.orm.hibernate.validation.HibernateDomainClassValidator$1] (value [org.codehaus.groovy.grails.orm.hibernate.validation.HibernateDomainClassValidator$1@26fc13bc]) and a value of type [java.util.ArrayList] (value [[]]) but failed to remove it when the web application was stopped. Threads are going to be renewed over time to try and avoid a probable memory leak. 
2013-12-20 15:22:03,587 [Thread-16] ERROR org.apache.catalina.loader.WebappClassLoader- The web application [/owf] created a ThreadLocal with key of type [org.codehaus.groovy.grails.orm.hibernate.validation.HibernateDomainClassValidator$1] (value [org.codehaus.groovy.grails.orm.hibernate.validation.HibernateDomainClassValidator$1@26fc13bc]) and a value of type [java.util.ArrayList] (value [[]]) but failed to remove it when the web application was stopped. Threads are going to be renewed over time to try and avoid a probable memory leak. 
2013-12-20 15:22:03,587 [Thread-16] ERROR org.apache.catalina.loader.WebappClassLoader- The web application [/owf] created a ThreadLocal with key of type [org.codehaus.groovy.grails.orm.hibernate.support.HibernatePersistenceContextInterceptor$1] (value [org.codehaus.groovy.grails.orm.hibernate.support.HibernatePersistenceContextInterceptor$1@6f73afa2]) and a value of type [java.lang.Boolean] (value [false]) but failed to remove it when the web application was stopped. Threads are going to be renewed over time to try and avoid a probable memory leak. 
2013-12-20 15:22:03,587 [Thread-16] ERROR org.apache.catalina.loader.WebappClassLoader- The web application [/owf] created a ThreadLocal with key of type [org.codehaus.groovy.grails.orm.hibernate.support.HibernatePersistenceContextInterceptor$2] (value [org.codehaus.groovy.grails.orm.hibernate.support.HibernatePersistenceContextInterceptor$2@140fedd8]) and a value of type [java.lang.Integer] (value [0]) but failed to remove it when the web application was stopped. Threads are going to be renewed over time to try and avoid a probable memory leak. 
2013-12-20 15:22:03,588 [Thread-16] ERROR org.apache.catalina.loader.WebappClassLoader- The web application [/owf] created a ThreadLocal with key of type [org.codehaus.groovy.grails.orm.hibernate.validation.HibernateDomainClassValidator$1] (value [org.codehaus.groovy.grails.orm.hibernate.validation.HibernateDomainClassValidator$1@26fc13bc]) and a value of type [java.util.ArrayList] (value [[]]) but failed to remove it when the web application was stopped. Threads are going to be renewed over time to try and avoid a probable memory leak. 
2013-12-20 15:22:03,588 [Thread-16] ERROR org.apache.catalina.loader.WebappClassLoader- The web application [/owf] created a ThreadLocal with key of type [org.codehaus.groovy.grails.orm.hibernate.support.HibernatePersistenceContextInterceptor$1] (value [org.codehaus.groovy.grails.orm.hibernate.support.HibernatePersistenceContextInterceptor$1@6f73afa2]) and a value of type [java.lang.Boolean] (value [false]) but failed to remove it when the web application was stopped. Threads are going to be renewed over time to try and avoid a probable memory leak. 
2013-12-20 15:22:03,588 [Thread-16] ERROR org.apache.catalina.loader.WebappClassLoader- The web application [/owf] created a ThreadLocal with key of type [org.codehaus.groovy.grails.orm.hibernate.support.HibernatePersistenceContextInterceptor$2] (value [org.codehaus.groovy.grails.orm.hibernate.support.HibernatePersistenceContextInterceptor$2@140fedd8]) and a value of type [java.lang.Integer] (value [0]) but failed to remove it when the web application was stopped. Threads are going to be renewed over time to try and avoid a probable memory leak. 
2013-12-20 15:22:03,590 [Thread-16] INFO  org.apache.coyote.http11.Http11Protocol- Stopping ProtocolHandler ["http-bio-8080"]
2013-12-20 15:22:03,591 [Thread-16] INFO  org.apache.coyote.http11.Http11Protocol- Stopping ProtocolHandler ["http-bio-8443"]
2013-12-20 15:22:03,593 [Thread-16] INFO  org.apache.coyote.http11.Http11Protocol- Destroying ProtocolHandler ["http-bio-8080"]
2013-12-20 15:22:03,593 [Thread-16] INFO  org.apache.coyote.http11.Http11Protocol- Destroying ProtocolHandler ["http-bio-8443"]
