usage: java org.apache.catalina.startup.Catalina [ -config {pathname} ] [ -nonaming ]  { -help | start | stop }
2013-12-10 13:30:58,415 [main] INFO  org.apache.coyote.http11.Http11Protocol- Initializing ProtocolHandler ["http-bio-8080"]
2013-12-10 13:30:58,431 [main] INFO  org.apache.coyote.http11.Http11Protocol- Initializing ProtocolHandler ["http-bio-8443"]
2013-12-10 13:30:58,577 [main] INFO  org.apache.catalina.startup.Catalina- Initialization processed in 569 ms
2013-12-10 13:30:58,590 [main] INFO  org.apache.catalina.core.StandardService- Starting service Catalina
2013-12-10 13:30:58,590 [main] INFO  org.apache.catalina.core.StandardEngine- Starting Servlet Engine: Apache Tomcat/7.0.21
2013-12-10 13:30:58,595 [main] INFO  org.apache.catalina.startup.HostConfig- Deploying web application archive cas.war
2013-12-10 13:30:58,868 [main] INFO  org.apache.catalina.realm.JAASRealm- Set JAAS app name Catalina
2013-12-10 13:31:00,341 [main] INFO  org.apache.catalina.startup.HostConfig- Deploying web application archive owf.war
grails.config.locations = [classpath:OzoneConfig.properties, classpath:OwfConfig.groovy]
OwfConfig.groovy completed successfully.
BootStrap running!
########## Found owf-override-log4j.xml at: /Users/williamzeligson/Documents/Workspace/nsaframework/OWF-bundle-7-GA/apache-tomcat-7.0.21/lib/owf-override-log4j.xml 180000
BootStrap finished!
2013-12-10 13:31:09,344 [main] INFO  org.apache.coyote.http11.Http11Protocol- Starting ProtocolHandler ["http-bio-8080"]
2013-12-10 13:31:09,350 [main] INFO  org.apache.coyote.http11.Http11Protocol- Starting ProtocolHandler ["http-bio-8443"]
2013-12-10 13:31:09,350 [main] INFO  org.apache.catalina.startup.Catalina- Server startup in 10772 ms
usage: java org.apache.catalina.startup.Catalina [ -config {pathname} ] [ -nonaming ]  { -help | start | stop }
2013-12-10 13:31:15,916 [main] INFO  org.apache.coyote.http11.Http11Protocol- Initializing ProtocolHandler ["http-bio-8080"]
2013-12-10 13:31:15,931 [main] ERROR org.apache.coyote.http11.Http11Protocol- Failed to initialize end point associated with ProtocolHandler ["http-bio-8080"]
java.net.BindException: Address already in use <null>:8080
	at org.apache.tomcat.util.net.JIoEndpoint.bind(JIoEndpoint.java:384)
	at org.apache.tomcat.util.net.AbstractEndpoint.init(AbstractEndpoint.java:492)
	at org.apache.coyote.AbstractProtocol.init(AbstractProtocol.java:369)
	at org.apache.coyote.http11.AbstractHttp11JsseProtocol.init(AbstractHttp11JsseProtocol.java:119)
	at org.apache.catalina.connector.Connector.initInternal(Connector.java:909)
	at org.apache.catalina.util.LifecycleBase.init(LifecycleBase.java:102)
	at org.apache.catalina.core.StandardService.initInternal(StandardService.java:559)
	at org.apache.catalina.util.LifecycleBase.init(LifecycleBase.java:102)
	at org.apache.catalina.core.StandardServer.initInternal(StandardServer.java:781)
	at org.apache.catalina.util.LifecycleBase.init(LifecycleBase.java:102)
	at org.apache.catalina.startup.Catalina.load(Catalina.java:573)
	at org.apache.catalina.startup.Catalina.start(Catalina.java:609)
	at sun.reflect.NativeMethodAccessorImpl.invoke0(Native Method)
	at sun.reflect.NativeMethodAccessorImpl.invoke(NativeMethodAccessorImpl.java:39)
	at sun.reflect.DelegatingMethodAccessorImpl.invoke(DelegatingMethodAccessorImpl.java:25)
	at java.lang.reflect.Method.invoke(Method.java:597)
	at org.apache.catalina.startup.Bootstrap.start(Bootstrap.java:322)
	at org.apache.catalina.startup.Bootstrap.main(Bootstrap.java:450)
Caused by: java.net.BindException: Address already in use
	at java.net.PlainSocketImpl.socketBind(Native Method)
	at java.net.PlainSocketImpl.socketBind(PlainSocketImpl.java:521)
	at java.net.PlainSocketImpl.bind(PlainSocketImpl.java:414)
	at java.net.ServerSocket.bind(ServerSocket.java:326)
	at java.net.ServerSocket.<init>(ServerSocket.java:192)
	at java.net.ServerSocket.<init>(ServerSocket.java:148)
	at org.apache.tomcat.util.net.DefaultServerSocketFactory.createSocket(DefaultServerSocketFactory.java:48)
	at org.apache.tomcat.util.net.JIoEndpoint.bind(JIoEndpoint.java:371)
	... 17 more
2013-12-10 13:31:15,933 [main] ERROR org.apache.catalina.core.StandardService- Failed to initialize connector [Connector[HTTP/1.1-8080]]
org.apache.catalina.LifecycleException: Failed to initialize component [Connector[HTTP/1.1-8080]]
	at org.apache.catalina.util.LifecycleBase.init(LifecycleBase.java:106)
	at org.apache.catalina.core.StandardService.initInternal(StandardService.java:559)
	at org.apache.catalina.util.LifecycleBase.init(LifecycleBase.java:102)
	at org.apache.catalina.core.StandardServer.initInternal(StandardServer.java:781)
	at org.apache.catalina.util.LifecycleBase.init(LifecycleBase.java:102)
	at org.apache.catalina.startup.Catalina.load(Catalina.java:573)
	at org.apache.catalina.startup.Catalina.start(Catalina.java:609)
	at sun.reflect.NativeMethodAccessorImpl.invoke0(Native Method)
	at sun.reflect.NativeMethodAccessorImpl.invoke(NativeMethodAccessorImpl.java:39)
	at sun.reflect.DelegatingMethodAccessorImpl.invoke(DelegatingMethodAccessorImpl.java:25)
	at java.lang.reflect.Method.invoke(Method.java:597)
	at org.apache.catalina.startup.Bootstrap.start(Bootstrap.java:322)
	at org.apache.catalina.startup.Bootstrap.main(Bootstrap.java:450)
Caused by: org.apache.catalina.LifecycleException: Protocol handler initialization failed
	at org.apache.catalina.connector.Connector.initInternal(Connector.java:911)
	at org.apache.catalina.util.LifecycleBase.init(LifecycleBase.java:102)
	... 12 more
Caused by: java.net.BindException: Address already in use <null>:8080
	at org.apache.tomcat.util.net.JIoEndpoint.bind(JIoEndpoint.java:384)
	at org.apache.tomcat.util.net.AbstractEndpoint.init(AbstractEndpoint.java:492)
	at org.apache.coyote.AbstractProtocol.init(AbstractProtocol.java:369)
	at org.apache.coyote.http11.AbstractHttp11JsseProtocol.init(AbstractHttp11JsseProtocol.java:119)
	at org.apache.catalina.connector.Connector.initInternal(Connector.java:909)
	... 13 more
Caused by: java.net.BindException: Address already in use
	at java.net.PlainSocketImpl.socketBind(Native Method)
	at java.net.PlainSocketImpl.socketBind(PlainSocketImpl.java:521)
	at java.net.PlainSocketImpl.bind(PlainSocketImpl.java:414)
	at java.net.ServerSocket.bind(ServerSocket.java:326)
	at java.net.ServerSocket.<init>(ServerSocket.java:192)
	at java.net.ServerSocket.<init>(ServerSocket.java:148)
	at org.apache.tomcat.util.net.DefaultServerSocketFactory.createSocket(DefaultServerSocketFactory.java:48)
	at org.apache.tomcat.util.net.JIoEndpoint.bind(JIoEndpoint.java:371)
	... 17 more
2013-12-10 13:31:15,934 [main] INFO  org.apache.coyote.http11.Http11Protocol- Initializing ProtocolHandler ["http-bio-8443"]
2013-12-10 13:31:16,075 [main] ERROR org.apache.coyote.http11.Http11Protocol- Failed to initialize end point associated with ProtocolHandler ["http-bio-8443"]
java.net.BindException: Address already in use <null>:8443
	at org.apache.tomcat.util.net.JIoEndpoint.bind(JIoEndpoint.java:384)
	at org.apache.tomcat.util.net.AbstractEndpoint.init(AbstractEndpoint.java:492)
	at org.apache.coyote.AbstractProtocol.init(AbstractProtocol.java:369)
	at org.apache.coyote.http11.AbstractHttp11JsseProtocol.init(AbstractHttp11JsseProtocol.java:119)
	at org.apache.catalina.connector.Connector.initInternal(Connector.java:909)
	at org.apache.catalina.util.LifecycleBase.init(LifecycleBase.java:102)
	at org.apache.catalina.core.StandardService.initInternal(StandardService.java:559)
	at org.apache.catalina.util.LifecycleBase.init(LifecycleBase.java:102)
	at org.apache.catalina.core.StandardServer.initInternal(StandardServer.java:781)
	at org.apache.catalina.util.LifecycleBase.init(LifecycleBase.java:102)
	at org.apache.catalina.startup.Catalina.load(Catalina.java:573)
	at org.apache.catalina.startup.Catalina.start(Catalina.java:609)
	at sun.reflect.NativeMethodAccessorImpl.invoke0(Native Method)
	at sun.reflect.NativeMethodAccessorImpl.invoke(NativeMethodAccessorImpl.java:39)
	at sun.reflect.DelegatingMethodAccessorImpl.invoke(DelegatingMethodAccessorImpl.java:25)
	at java.lang.reflect.Method.invoke(Method.java:597)
	at org.apache.catalina.startup.Bootstrap.start(Bootstrap.java:322)
	at org.apache.catalina.startup.Bootstrap.main(Bootstrap.java:450)
Caused by: java.net.BindException: Address already in use
	at java.net.PlainSocketImpl.socketBind(Native Method)
	at java.net.PlainSocketImpl.socketBind(PlainSocketImpl.java:521)
	at java.net.PlainSocketImpl.bind(PlainSocketImpl.java:414)
	at java.net.ServerSocket.bind(ServerSocket.java:326)
	at java.net.ServerSocket.<init>(ServerSocket.java:192)
	at java.net.ServerSocket.<init>(ServerSocket.java:148)
	at javax.net.ssl.SSLServerSocket.<init>(SSLServerSocket.java:84)
	at com.sun.net.ssl.internal.ssl.SSLServerSocketImpl.<init>(SSLServerSocketImpl.java:81)
	at com.sun.net.ssl.internal.ssl.SSLServerSocketFactoryImpl.createServerSocket(SSLServerSocketFactoryImpl.java:65)
	at org.apache.tomcat.util.net.jsse.JSSESocketFactory.createSocket(JSSESocketFactory.java:159)
	at org.apache.tomcat.util.net.JIoEndpoint.bind(JIoEndpoint.java:371)
	... 17 more
2013-12-10 13:31:16,076 [main] ERROR org.apache.catalina.core.StandardService- Failed to initialize connector [Connector[HTTP/1.1-8443]]
org.apache.catalina.LifecycleException: Failed to initialize component [Connector[HTTP/1.1-8443]]
	at org.apache.catalina.util.LifecycleBase.init(LifecycleBase.java:106)
	at org.apache.catalina.core.StandardService.initInternal(StandardService.java:559)
	at org.apache.catalina.util.LifecycleBase.init(LifecycleBase.java:102)
	at org.apache.catalina.core.StandardServer.initInternal(StandardServer.java:781)
	at org.apache.catalina.util.LifecycleBase.init(LifecycleBase.java:102)
	at org.apache.catalina.startup.Catalina.load(Catalina.java:573)
	at org.apache.catalina.startup.Catalina.start(Catalina.java:609)
	at sun.reflect.NativeMethodAccessorImpl.invoke0(Native Method)
	at sun.reflect.NativeMethodAccessorImpl.invoke(NativeMethodAccessorImpl.java:39)
	at sun.reflect.DelegatingMethodAccessorImpl.invoke(DelegatingMethodAccessorImpl.java:25)
	at java.lang.reflect.Method.invoke(Method.java:597)
	at org.apache.catalina.startup.Bootstrap.start(Bootstrap.java:322)
	at org.apache.catalina.startup.Bootstrap.main(Bootstrap.java:450)
Caused by: org.apache.catalina.LifecycleException: Protocol handler initialization failed
	at org.apache.catalina.connector.Connector.initInternal(Connector.java:911)
	at org.apache.catalina.util.LifecycleBase.init(LifecycleBase.java:102)
	... 12 more
Caused by: java.net.BindException: Address already in use <null>:8443
	at org.apache.tomcat.util.net.JIoEndpoint.bind(JIoEndpoint.java:384)
	at org.apache.tomcat.util.net.AbstractEndpoint.init(AbstractEndpoint.java:492)
	at org.apache.coyote.AbstractProtocol.init(AbstractProtocol.java:369)
	at org.apache.coyote.http11.AbstractHttp11JsseProtocol.init(AbstractHttp11JsseProtocol.java:119)
	at org.apache.catalina.connector.Connector.initInternal(Connector.java:909)
	... 13 more
Caused by: java.net.BindException: Address already in use
	at java.net.PlainSocketImpl.socketBind(Native Method)
	at java.net.PlainSocketImpl.socketBind(PlainSocketImpl.java:521)
	at java.net.PlainSocketImpl.bind(PlainSocketImpl.java:414)
	at java.net.ServerSocket.bind(ServerSocket.java:326)
	at java.net.ServerSocket.<init>(ServerSocket.java:192)
	at java.net.ServerSocket.<init>(ServerSocket.java:148)
	at javax.net.ssl.SSLServerSocket.<init>(SSLServerSocket.java:84)
	at com.sun.net.ssl.internal.ssl.SSLServerSocketImpl.<init>(SSLServerSocketImpl.java:81)
	at com.sun.net.ssl.internal.ssl.SSLServerSocketFactoryImpl.createServerSocket(SSLServerSocketFactoryImpl.java:65)
	at org.apache.tomcat.util.net.jsse.JSSESocketFactory.createSocket(JSSESocketFactory.java:159)
	at org.apache.tomcat.util.net.JIoEndpoint.bind(JIoEndpoint.java:371)
	... 17 more
2013-12-10 13:31:16,077 [main] INFO  org.apache.catalina.startup.Catalina- Initialization processed in 507 ms
2013-12-10 13:31:16,087 [main] INFO  org.apache.catalina.core.StandardService- Starting service Catalina
2013-12-10 13:31:16,087 [main] INFO  org.apache.catalina.core.StandardEngine- Starting Servlet Engine: Apache Tomcat/7.0.21
2013-12-10 13:31:16,090 [main] INFO  org.apache.catalina.startup.HostConfig- Deploying web application archive cas.war
2013-12-10 13:31:16,297 [main] INFO  org.apache.catalina.realm.JAASRealm- Set JAAS app name Catalina
2013-12-10 13:31:17,582 [main] INFO  org.apache.catalina.startup.HostConfig- Deploying web application archive owf.war
grails.config.locations = [classpath:OzoneConfig.properties, classpath:OwfConfig.groovy]
OwfConfig.groovy completed successfully.
BootStrap running!
########## Found owf-override-log4j.xml at: /Users/williamzeligson/Documents/Workspace/nsaframework/OWF-bundle-7-GA/apache-tomcat-7.0.21/lib/owf-override-log4j.xml 180000
BootStrap finished!
2013-12-10 13:31:26,058 [main] INFO  org.apache.catalina.startup.Catalina- Server startup in 9981 ms
2013-12-10 13:31:26,059 [main] ERROR org.apache.catalina.core.StandardServer- StandardServer.await: create[localhost:8005]: 
java.net.BindException: Address already in use
	at java.net.PlainSocketImpl.socketBind(Native Method)
	at java.net.PlainSocketImpl.socketBind(PlainSocketImpl.java:521)
	at java.net.PlainSocketImpl.bind(PlainSocketImpl.java:414)
	at java.net.ServerSocket.bind(ServerSocket.java:326)
	at java.net.ServerSocket.<init>(ServerSocket.java:192)
	at org.apache.catalina.core.StandardServer.await(StandardServer.java:422)
	at org.apache.catalina.startup.Catalina.await(Catalina.java:709)
	at org.apache.catalina.startup.Catalina.start(Catalina.java:654)
	at sun.reflect.NativeMethodAccessorImpl.invoke0(Native Method)
	at sun.reflect.NativeMethodAccessorImpl.invoke(NativeMethodAccessorImpl.java:39)
	at sun.reflect.DelegatingMethodAccessorImpl.invoke(DelegatingMethodAccessorImpl.java:25)
	at java.lang.reflect.Method.invoke(Method.java:597)
	at org.apache.catalina.startup.Bootstrap.start(Bootstrap.java:322)
	at org.apache.catalina.startup.Bootstrap.main(Bootstrap.java:450)
2013-12-10 13:31:26,060 [main] INFO  org.apache.coyote.http11.Http11Protocol- Pausing ProtocolHandler ["http-bio-8080"]
2013-12-10 13:31:26,060 [main] INFO  org.apache.coyote.http11.Http11Protocol- Pausing ProtocolHandler ["http-bio-8443"]
2013-12-10 13:31:26,060 [main] INFO  org.apache.catalina.core.StandardService- Stopping service Catalina
2013-12-10 13:31:26,246 [main] ERROR org.apache.catalina.loader.WebappClassLoader- The web application [/owf] registered the JDBC driver [org.hsqldb.jdbcDriver] but failed to unregister it when the web application was stopped. To prevent a memory leak, the JDBC Driver has been forcibly unregistered.
2013-12-10 13:31:26,248 [main] ERROR org.apache.catalina.loader.WebappClassLoader- The web application [/owf] appears to have started a thread named [FileWatchdog] but has failed to stop it. This is very likely to create a memory leak.
2013-12-10 13:31:26,248 [main] ERROR org.apache.catalina.loader.WebappClassLoader- The web application [/owf] appears to have started a thread named [Timer-1] but has failed to stop it. This is very likely to create a memory leak.
2013-12-10 13:31:26,249 [main] INFO  org.apache.coyote.http11.Http11Protocol- Destroying ProtocolHandler ["http-bio-8080"]
2013-12-10 13:31:26,249 [main] INFO  org.apache.coyote.http11.Http11Protocol- Destroying ProtocolHandler ["http-bio-8443"]
2013-12-10 14:03:01,061 [ContainerBackgroundProcessor[StandardEngine[Catalina]]] INFO  org.apache.catalina.startup.HostConfig- Deploying web application archive announcing-clock.war
2013-12-10 14:07:52,998 [http-bio-8443-exec-22] INFO  org.apache.jasper.compiler.TldLocationsCache- At least one JAR was scanned for TLDs yet contained no TLDs. Enable debug logging for this logger for a complete list of JARs that were scanned but no TLDs were found in them. Skipping unneeded JARs during scanning can improve startup time and JSP compilation time.
2013-12-10 14:22:51,379 [ContainerBackgroundProcessor[StandardEngine[Catalina]]] INFO  org.apache.catalina.startup.HostConfig- Deploying web application archive clock.war
2013-12-10 16:12:00,316 [ContainerBackgroundProcessor[StandardEngine[Catalina]]] INFO  org.apache.catalina.startup.HostConfig- Deploying web application archive announcing-clock2.war
2013-12-10 16:23:00,484 [ContainerBackgroundProcessor[StandardEngine[Catalina]]] INFO  org.apache.catalina.startup.HostConfig- Deploying web application archive notclock.war
2013-12-10 16:34:30,660 [ContainerBackgroundProcessor[StandardEngine[Catalina]]] INFO  org.apache.catalina.startup.HostConfig- Deploying web application archive notclock2.war
2013-12-10 16:41:00,781 [ContainerBackgroundProcessor[StandardEngine[Catalina]]] INFO  org.apache.catalina.startup.HostConfig- Undeploying context [/notclock2]
2013-12-10 16:41:01,195 [ContainerBackgroundProcessor[StandardEngine[Catalina]]] INFO  org.apache.catalina.startup.HostConfig- Deploying web application archive notclock2.war
2013-12-10 16:46:40,820 [ContainerBackgroundProcessor[StandardEngine[Catalina]]] INFO  org.apache.catalina.startup.HostConfig- Undeploying context [/notclock2]
2013-12-10 16:46:41,228 [ContainerBackgroundProcessor[StandardEngine[Catalina]]] INFO  org.apache.catalina.startup.HostConfig- Deploying web application archive notclock2.war
2013-12-10 16:53:51,356 [ContainerBackgroundProcessor[StandardEngine[Catalina]]] INFO  org.apache.catalina.startup.HostConfig- Undeploying context [/notclock2]
2013-12-10 16:53:51,769 [ContainerBackgroundProcessor[StandardEngine[Catalina]]] INFO  org.apache.catalina.startup.HostConfig- Deploying web application archive notclock2.war
2013-12-10 17:13:24,459 [Thread-17] INFO  org.apache.coyote.http11.Http11Protocol- Pausing ProtocolHandler ["http-bio-8080"]
2013-12-10 17:13:25,460 [Thread-17] INFO  org.apache.coyote.http11.Http11Protocol- Pausing ProtocolHandler ["http-bio-8443"]
2013-12-10 17:13:26,462 [Thread-17] INFO  org.apache.catalina.core.StandardService- Stopping service Catalina
2013-12-10 17:13:26,702 [Thread-17] ERROR org.apache.catalina.loader.WebappClassLoader- The web application [/owf] registered the JDBC driver [org.hsqldb.jdbcDriver] but failed to unregister it when the web application was stopped. To prevent a memory leak, the JDBC Driver has been forcibly unregistered.
2013-12-10 17:13:26,702 [Thread-17] ERROR org.apache.catalina.loader.WebappClassLoader- The web application [/owf] appears to have started a thread named [FileWatchdog] but has failed to stop it. This is very likely to create a memory leak.
2013-12-10 17:13:26,703 [Thread-17] ERROR org.apache.catalina.loader.WebappClassLoader- The web application [/owf] appears to have started a thread named [Timer-1] but has failed to stop it. This is very likely to create a memory leak.
2013-12-10 17:13:26,703 [Thread-17] ERROR org.apache.catalina.loader.WebappClassLoader- The web application [/owf] created a ThreadLocal with key of type [org.codehaus.groovy.grails.orm.hibernate.support.HibernatePersistenceContextInterceptor$2] (value [org.codehaus.groovy.grails.orm.hibernate.support.HibernatePersistenceContextInterceptor$2@723e6d18]) and a value of type [java.lang.Integer] (value [0]) but failed to remove it when the web application was stopped. Threads are going to be renewed over time to try and avoid a probable memory leak. 
2013-12-10 17:13:26,705 [Thread-17] ERROR org.apache.catalina.loader.WebappClassLoader- The web application [/owf] created a ThreadLocal with key of type [org.codehaus.groovy.grails.orm.hibernate.validation.HibernateDomainClassValidator$1] (value [org.codehaus.groovy.grails.orm.hibernate.validation.HibernateDomainClassValidator$1@1ab15ab0]) and a value of type [java.util.ArrayList] (value [[]]) but failed to remove it when the web application was stopped. Threads are going to be renewed over time to try and avoid a probable memory leak. 
2013-12-10 17:13:26,705 [Thread-17] ERROR org.apache.catalina.loader.WebappClassLoader- The web application [/owf] created a ThreadLocal with key of type [org.codehaus.groovy.grails.orm.hibernate.support.HibernatePersistenceContextInterceptor$1] (value [org.codehaus.groovy.grails.orm.hibernate.support.HibernatePersistenceContextInterceptor$1@71b8e680]) and a value of type [java.lang.Boolean] (value [false]) but failed to remove it when the web application was stopped. Threads are going to be renewed over time to try and avoid a probable memory leak. 
2013-12-10 17:13:26,706 [Thread-17] ERROR org.apache.catalina.loader.WebappClassLoader- The web application [/owf] created a ThreadLocal with key of type [org.codehaus.groovy.grails.commons.spring.ReloadAwareAutowireCapableBeanFactory$2] (value [org.codehaus.groovy.grails.commons.spring.ReloadAwareAutowireCapableBeanFactory$2@222517d4]) and a value of type [java.lang.Boolean] (value [false]) but failed to remove it when the web application was stopped. Threads are going to be renewed over time to try and avoid a probable memory leak. 
2013-12-10 17:13:26,706 [Thread-17] ERROR org.apache.catalina.loader.WebappClassLoader- The web application [/owf] created a ThreadLocal with key of type [org.codehaus.groovy.grails.orm.hibernate.support.HibernatePersistenceContextInterceptor$2] (value [org.codehaus.groovy.grails.orm.hibernate.support.HibernatePersistenceContextInterceptor$2@723e6d18]) and a value of type [java.lang.Integer] (value [0]) but failed to remove it when the web application was stopped. Threads are going to be renewed over time to try and avoid a probable memory leak. 
2013-12-10 17:13:26,706 [Thread-17] ERROR org.apache.catalina.loader.WebappClassLoader- The web application [/owf] created a ThreadLocal with key of type [org.codehaus.groovy.grails.orm.hibernate.validation.HibernateDomainClassValidator$1] (value [org.codehaus.groovy.grails.orm.hibernate.validation.HibernateDomainClassValidator$1@1ab15ab0]) and a value of type [java.util.ArrayList] (value [[]]) but failed to remove it when the web application was stopped. Threads are going to be renewed over time to try and avoid a probable memory leak. 
2013-12-10 17:13:26,706 [Thread-17] ERROR org.apache.catalina.loader.WebappClassLoader- The web application [/owf] created a ThreadLocal with key of type [org.codehaus.groovy.grails.orm.hibernate.support.HibernatePersistenceContextInterceptor$1] (value [org.codehaus.groovy.grails.orm.hibernate.support.HibernatePersistenceContextInterceptor$1@71b8e680]) and a value of type [java.lang.Boolean] (value [false]) but failed to remove it when the web application was stopped. Threads are going to be renewed over time to try and avoid a probable memory leak. 
2013-12-10 17:13:26,706 [Thread-17] ERROR org.apache.catalina.loader.WebappClassLoader- The web application [/owf] created a ThreadLocal with key of type [org.codehaus.groovy.grails.commons.spring.ReloadAwareAutowireCapableBeanFactory$2] (value [org.codehaus.groovy.grails.commons.spring.ReloadAwareAutowireCapableBeanFactory$2@222517d4]) and a value of type [java.lang.Boolean] (value [false]) but failed to remove it when the web application was stopped. Threads are going to be renewed over time to try and avoid a probable memory leak. 
2013-12-10 17:13:26,706 [Thread-17] ERROR org.apache.catalina.loader.WebappClassLoader- The web application [/owf] created a ThreadLocal with key of type [org.codehaus.groovy.grails.orm.hibernate.validation.HibernateDomainClassValidator$1] (value [org.codehaus.groovy.grails.orm.hibernate.validation.HibernateDomainClassValidator$1@1ab15ab0]) and a value of type [java.util.ArrayList] (value [[]]) but failed to remove it when the web application was stopped. Threads are going to be renewed over time to try and avoid a probable memory leak. 
2013-12-10 17:13:26,716 [Thread-17] INFO  org.apache.coyote.http11.Http11Protocol- Stopping ProtocolHandler ["http-bio-8080"]
2013-12-10 17:13:26,717 [Thread-17] INFO  org.apache.coyote.http11.Http11Protocol- Stopping ProtocolHandler ["http-bio-8443"]
2013-12-10 17:13:26,723 [Thread-17] INFO  org.apache.coyote.http11.Http11Protocol- Destroying ProtocolHandler ["http-bio-8080"]
2013-12-10 17:13:26,723 [Thread-17] INFO  org.apache.coyote.http11.Http11Protocol- Destroying ProtocolHandler ["http-bio-8443"]
